文件记录-2019-03-26 19:40:11 [restartedMain] INFO  com.yuyue.Application - Starting Application on 惠普暗影精灵 with PID 1896 (E:\eclipse\beyuyue\target\classes started by 吴俭 in E:\eclipse\beyuyue)
文件记录-2019-03-26 19:40:11 [restartedMain] INFO  com.yuyue.Application - No active profile set, falling back to default profiles: default
文件记录-2019-03-26 19:40:12 [background-preinit] INFO  o.h.validator.internal.util.Version - HV000001: Hibernate Validator 5.3.6.Final
文件记录-2019-03-26 19:40:12 [restartedMain] INFO  o.s.b.c.e.AnnotationConfigEmbeddedWebApplicationContext - Refreshing org.springframework.boot.context.embedded.AnnotationConfigEmbeddedWebApplicationContext@21c25049: startup date [Tue Mar 26 19:40:12 CST 2019]; root of context hierarchy
文件记录-2019-03-26 19:40:13 [restartedMain] INFO  o.s.d.r.c.RepositoryConfigurationDelegate - Multiple Spring Data modules found, entering strict repository configuration mode!
文件记录-2019-03-26 19:40:13 [restartedMain] INFO  o.s.d.r.c.RepositoryConfigurationExtensionSupport - Spring Data Elasticsearch - Could not safely identify store assignment for repository candidate interface com.yuyue.dao.BsBookcellinfoDAO.
文件记录-2019-03-26 19:40:13 [restartedMain] INFO  o.s.d.r.c.RepositoryConfigurationExtensionSupport - Spring Data Elasticsearch - Could not safely identify store assignment for repository candidate interface com.yuyue.dao.BsBookinfoDAO.
文件记录-2019-03-26 19:40:13 [restartedMain] INFO  o.s.d.r.c.RepositoryConfigurationExtensionSupport - Spring Data Elasticsearch - Could not safely identify store assignment for repository candidate interface com.yuyue.dao.BsBookcolumnDAO.
文件记录-2019-03-26 19:40:13 [restartedMain] INFO  o.s.d.r.c.RepositoryConfigurationExtensionSupport - Spring Data Elasticsearch - Could not safely identify store assignment for repository candidate interface com.yuyue.dao.RsUserdynamiclikeDAO.
文件记录-2019-03-26 19:40:13 [restartedMain] INFO  o.s.d.r.c.RepositoryConfigurationExtensionSupport - Spring Data Elasticsearch - Could not safely identify store assignment for repository candidate interface com.yuyue.dao.BsBookcategoryDAO.
文件记录-2019-03-26 19:40:13 [restartedMain] INFO  o.s.d.r.c.RepositoryConfigurationExtensionSupport - Spring Data Elasticsearch - Could not safely identify store assignment for repository candidate interface com.yuyue.dao.BsVipplanDAO.
文件记录-2019-03-26 19:40:13 [restartedMain] INFO  o.s.d.r.c.RepositoryConfigurationExtensionSupport - Spring Data Elasticsearch - Could not safely identify store assignment for repository candidate interface com.yuyue.dao.BsBooksubjectDAO.
文件记录-2019-03-26 19:40:13 [restartedMain] INFO  o.s.d.r.c.RepositoryConfigurationExtensionSupport - Spring Data Elasticsearch - Could not safely identify store assignment for repository candidate interface com.yuyue.dao.BsInvitecodeDAO.
文件记录-2019-03-26 19:40:13 [restartedMain] INFO  o.s.d.r.c.RepositoryConfigurationExtensionSupport - Spring Data Elasticsearch - Could not safely identify store assignment for repository candidate interface com.yuyue.dao.BsPublishinfoDAO.
文件记录-2019-03-26 19:40:13 [restartedMain] INFO  o.s.d.r.c.RepositoryConfigurationExtensionSupport - Spring Data Elasticsearch - Could not safely identify store assignment for repository candidate interface com.yuyue.dao.BeUserDAO.
文件记录-2019-03-26 19:40:13 [restartedMain] INFO  o.s.d.r.c.RepositoryConfigurationExtensionSupport - Spring Data Elasticsearch - Could not safely identify store assignment for repository candidate interface com.yuyue.dao.BsPictureDAO.
文件记录-2019-03-26 19:40:13 [restartedMain] INFO  o.s.d.r.c.RepositoryConfigurationExtensionSupport - Spring Data Elasticsearch - Could not safely identify store assignment for repository candidate interface com.yuyue.dao.BsBookinstoreDAO.
文件记录-2019-03-26 19:40:13 [restartedMain] INFO  o.s.d.r.c.RepositoryConfigurationExtensionSupport - Spring Data Elasticsearch - Could not safely identify store assignment for repository candidate interface com.yuyue.dao.BeInstitutionDAO.
文件记录-2019-03-26 19:40:13 [restartedMain] INFO  o.s.d.r.c.RepositoryConfigurationExtensionSupport - Spring Data Elasticsearch - Could not safely identify store assignment for repository candidate interface com.yuyue.dao.BeRoleDAO.
文件记录-2019-03-26 19:40:13 [restartedMain] INFO  o.s.d.r.c.RepositoryConfigurationExtensionSupport - Spring Data Elasticsearch - Could not safely identify store assignment for repository candidate interface com.yuyue.dao.RsRolepermissionDAO.
文件记录-2019-03-26 19:40:13 [restartedMain] INFO  o.s.d.r.c.RepositoryConfigurationExtensionSupport - Spring Data Elasticsearch - Could not safely identify store assignment for repository candidate interface com.yuyue.dao.RsUsercreditDAO.
文件记录-2019-03-26 19:40:13 [restartedMain] INFO  o.s.d.r.c.RepositoryConfigurationExtensionSupport - Spring Data Elasticsearch - Could not safely identify store assignment for repository candidate interface com.yuyue.dao.BeSensitiveDAO.
文件记录-2019-03-26 19:40:13 [restartedMain] INFO  o.s.d.r.c.RepositoryConfigurationExtensionSupport - Spring Data Elasticsearch - Could not safely identify store assignment for repository candidate interface com.yuyue.dao.BsIvtuserinfoDAO.
文件记录-2019-03-26 19:40:13 [restartedMain] INFO  o.s.d.r.c.RepositoryConfigurationExtensionSupport - Spring Data Elasticsearch - Could not safely identify store assignment for repository candidate interface com.yuyue.dao.RsBookincolumnDAO.
文件记录-2019-03-26 19:40:13 [restartedMain] INFO  o.s.d.r.c.RepositoryConfigurationExtensionSupport - Spring Data Elasticsearch - Could not safely identify store assignment for repository candidate interface com.yuyue.dao.BsUserdynamicDAO.
文件记录-2019-03-26 19:40:13 [restartedMain] INFO  o.s.d.r.c.RepositoryConfigurationExtensionSupport - Spring Data Elasticsearch - Could not safely identify store assignment for repository candidate interface com.yuyue.dao.RsCurdonaterecordDAO.
文件记录-2019-03-26 19:40:13 [restartedMain] INFO  o.s.d.r.c.RepositoryConfigurationExtensionSupport - Spring Data Elasticsearch - Could not safely identify store assignment for repository candidate interface com.yuyue.dao.RsVipplanorderDAO.
文件记录-2019-03-26 19:40:13 [restartedMain] INFO  o.s.d.r.c.RepositoryConfigurationExtensionSupport - Spring Data Elasticsearch - Could not safely identify store assignment for repository candidate interface com.yuyue.dao.BsBookcaseinfoDAO.
文件记录-2019-03-26 19:40:13 [restartedMain] INFO  o.s.d.r.c.RepositoryConfigurationExtensionSupport - Spring Data Elasticsearch - Could not safely identify store assignment for repository candidate interface com.yuyue.dao.RsBookinsubjectDAO.
文件记录-2019-03-26 19:40:13 [restartedMain] INFO  o.s.d.r.c.RepositoryConfigurationExtensionSupport - Spring Data Elasticsearch - Could not safely identify store assignment for repository candidate interface com.yuyue.dao.RsHisborrowrecordDAO.
文件记录-2019-03-26 19:40:13 [restartedMain] INFO  o.s.d.r.c.RepositoryConfigurationExtensionSupport - Spring Data Elasticsearch - Could not safely identify store assignment for repository candidate interface com.yuyue.dao.BePermissionDAO.
文件记录-2019-03-26 19:40:13 [restartedMain] INFO  o.s.d.r.c.RepositoryConfigurationExtensionSupport - Spring Data Elasticsearch - Could not safely identify store assignment for repository candidate interface com.yuyue.dao.RsCurborrowrecordDAO.
文件记录-2019-03-26 19:40:13 [restartedMain] INFO  o.s.d.r.c.RepositoryConfigurationExtensionSupport - Spring Data Elasticsearch - Could not safely identify store assignment for repository candidate interface com.yuyue.dao.BsFamilyinfoDAO.
文件记录-2019-03-26 19:40:13 [restartedMain] INFO  o.s.d.r.c.RepositoryConfigurationExtensionSupport - Spring Data Elasticsearch - Could not safely identify store assignment for repository candidate interface com.yuyue.dao.BsUserdynamiccmntDAO.
文件记录-2019-03-26 19:40:13 [restartedMain] INFO  o.s.d.r.c.RepositoryConfigurationExtensionSupport - Spring Data Elasticsearch - Could not safely identify store assignment for repository candidate interface com.yuyue.dao.BeDepartmentDAO.
文件记录-2019-03-26 19:40:13 [restartedMain] INFO  o.s.d.r.c.RepositoryConfigurationExtensionSupport - Spring Data Elasticsearch - Could not safely identify store assignment for repository candidate interface com.yuyue.dao.BsUserinfoDAO.
文件记录-2019-03-26 19:40:13 [restartedMain] INFO  o.s.d.r.c.RepositoryConfigurationDelegate - Multiple Spring Data modules found, entering strict repository configuration mode!
文件记录-2019-03-26 19:40:14 [restartedMain] INFO  o.s.d.r.c.RepositoryConfigurationDelegate - Multiple Spring Data modules found, entering strict repository configuration mode!
文件记录-2019-03-26 19:40:14 [restartedMain] INFO  o.s.d.r.c.RepositoryConfigurationExtensionSupport - Spring Data Redis - Could not safely identify store assignment for repository candidate interface com.yuyue.dao.BsBookcellinfoDAO.
文件记录-2019-03-26 19:40:14 [restartedMain] INFO  o.s.d.r.c.RepositoryConfigurationExtensionSupport - Spring Data Redis - Could not safely identify store assignment for repository candidate interface com.yuyue.dao.BsBookinfoDAO.
文件记录-2019-03-26 19:40:14 [restartedMain] INFO  o.s.d.r.c.RepositoryConfigurationExtensionSupport - Spring Data Redis - Could not safely identify store assignment for repository candidate interface com.yuyue.dao.BsBookcolumnDAO.
文件记录-2019-03-26 19:40:14 [restartedMain] INFO  o.s.d.r.c.RepositoryConfigurationExtensionSupport - Spring Data Redis - Could not safely identify store assignment for repository candidate interface com.yuyue.dao.RsUserdynamiclikeDAO.
文件记录-2019-03-26 19:40:14 [restartedMain] INFO  o.s.d.r.c.RepositoryConfigurationExtensionSupport - Spring Data Redis - Could not safely identify store assignment for repository candidate interface com.yuyue.dao.BsBookcategoryDAO.
文件记录-2019-03-26 19:40:14 [restartedMain] INFO  o.s.d.r.c.RepositoryConfigurationExtensionSupport - Spring Data Redis - Could not safely identify store assignment for repository candidate interface com.yuyue.dao.BsVipplanDAO.
文件记录-2019-03-26 19:40:14 [restartedMain] INFO  o.s.d.r.c.RepositoryConfigurationExtensionSupport - Spring Data Redis - Could not safely identify store assignment for repository candidate interface com.yuyue.dao.BsBooksubjectDAO.
文件记录-2019-03-26 19:40:14 [restartedMain] INFO  o.s.d.r.c.RepositoryConfigurationExtensionSupport - Spring Data Redis - Could not safely identify store assignment for repository candidate interface com.yuyue.dao.BsInvitecodeDAO.
文件记录-2019-03-26 19:40:14 [restartedMain] INFO  o.s.d.r.c.RepositoryConfigurationExtensionSupport - Spring Data Redis - Could not safely identify store assignment for repository candidate interface com.yuyue.dao.BsPublishinfoDAO.
文件记录-2019-03-26 19:40:14 [restartedMain] INFO  o.s.d.r.c.RepositoryConfigurationExtensionSupport - Spring Data Redis - Could not safely identify store assignment for repository candidate interface com.yuyue.dao.BeUserDAO.
文件记录-2019-03-26 19:40:14 [restartedMain] INFO  o.s.d.r.c.RepositoryConfigurationExtensionSupport - Spring Data Redis - Could not safely identify store assignment for repository candidate interface com.yuyue.dao.BsPictureDAO.
文件记录-2019-03-26 19:40:14 [restartedMain] INFO  o.s.d.r.c.RepositoryConfigurationExtensionSupport - Spring Data Redis - Could not safely identify store assignment for repository candidate interface com.yuyue.dao.BsBookinstoreDAO.
文件记录-2019-03-26 19:40:14 [restartedMain] INFO  o.s.d.r.c.RepositoryConfigurationExtensionSupport - Spring Data Redis - Could not safely identify store assignment for repository candidate interface com.yuyue.dao.BeInstitutionDAO.
文件记录-2019-03-26 19:40:14 [restartedMain] INFO  o.s.d.r.c.RepositoryConfigurationExtensionSupport - Spring Data Redis - Could not safely identify store assignment for repository candidate interface com.yuyue.dao.BeRoleDAO.
文件记录-2019-03-26 19:40:14 [restartedMain] INFO  o.s.d.r.c.RepositoryConfigurationExtensionSupport - Spring Data Redis - Could not safely identify store assignment for repository candidate interface com.yuyue.dao.RsRolepermissionDAO.
文件记录-2019-03-26 19:40:14 [restartedMain] INFO  o.s.d.r.c.RepositoryConfigurationExtensionSupport - Spring Data Redis - Could not safely identify store assignment for repository candidate interface com.yuyue.dao.RsUsercreditDAO.
文件记录-2019-03-26 19:40:14 [restartedMain] INFO  o.s.d.r.c.RepositoryConfigurationExtensionSupport - Spring Data Redis - Could not safely identify store assignment for repository candidate interface com.yuyue.dao.BeSensitiveDAO.
文件记录-2019-03-26 19:40:14 [restartedMain] INFO  o.s.d.r.c.RepositoryConfigurationExtensionSupport - Spring Data Redis - Could not safely identify store assignment for repository candidate interface com.yuyue.dao.BsIvtuserinfoDAO.
文件记录-2019-03-26 19:40:14 [restartedMain] INFO  o.s.d.r.c.RepositoryConfigurationExtensionSupport - Spring Data Redis - Could not safely identify store assignment for repository candidate interface com.yuyue.dao.RsBookincolumnDAO.
文件记录-2019-03-26 19:40:14 [restartedMain] INFO  o.s.d.r.c.RepositoryConfigurationExtensionSupport - Spring Data Redis - Could not safely identify store assignment for repository candidate interface com.yuyue.dao.BsUserdynamicDAO.
文件记录-2019-03-26 19:40:14 [restartedMain] INFO  o.s.d.r.c.RepositoryConfigurationExtensionSupport - Spring Data Redis - Could not safely identify store assignment for repository candidate interface com.yuyue.dao.RsCurdonaterecordDAO.
文件记录-2019-03-26 19:40:14 [restartedMain] INFO  o.s.d.r.c.RepositoryConfigurationExtensionSupport - Spring Data Redis - Could not safely identify store assignment for repository candidate interface com.yuyue.dao.RsVipplanorderDAO.
文件记录-2019-03-26 19:40:14 [restartedMain] INFO  o.s.d.r.c.RepositoryConfigurationExtensionSupport - Spring Data Redis - Could not safely identify store assignment for repository candidate interface com.yuyue.dao.BsBookcaseinfoDAO.
文件记录-2019-03-26 19:40:14 [restartedMain] INFO  o.s.d.r.c.RepositoryConfigurationExtensionSupport - Spring Data Redis - Could not safely identify store assignment for repository candidate interface com.yuyue.dao.RsBookinsubjectDAO.
文件记录-2019-03-26 19:40:14 [restartedMain] INFO  o.s.d.r.c.RepositoryConfigurationExtensionSupport - Spring Data Redis - Could not safely identify store assignment for repository candidate interface com.yuyue.dao.RsHisborrowrecordDAO.
文件记录-2019-03-26 19:40:14 [restartedMain] INFO  o.s.d.r.c.RepositoryConfigurationExtensionSupport - Spring Data Redis - Could not safely identify store assignment for repository candidate interface com.yuyue.dao.BePermissionDAO.
文件记录-2019-03-26 19:40:14 [restartedMain] INFO  o.s.d.r.c.RepositoryConfigurationExtensionSupport - Spring Data Redis - Could not safely identify store assignment for repository candidate interface com.yuyue.dao.RsCurborrowrecordDAO.
文件记录-2019-03-26 19:40:14 [restartedMain] INFO  o.s.d.r.c.RepositoryConfigurationExtensionSupport - Spring Data Redis - Could not safely identify store assignment for repository candidate interface com.yuyue.dao.BsFamilyinfoDAO.
文件记录-2019-03-26 19:40:14 [restartedMain] INFO  o.s.d.r.c.RepositoryConfigurationExtensionSupport - Spring Data Redis - Could not safely identify store assignment for repository candidate interface com.yuyue.dao.BsUserdynamiccmntDAO.
文件记录-2019-03-26 19:40:14 [restartedMain] INFO  o.s.d.r.c.RepositoryConfigurationExtensionSupport - Spring Data Redis - Could not safely identify store assignment for repository candidate interface com.yuyue.dao.BeDepartmentDAO.
文件记录-2019-03-26 19:40:14 [restartedMain] INFO  o.s.d.r.c.RepositoryConfigurationExtensionSupport - Spring Data Redis - Could not safely identify store assignment for repository candidate interface com.yuyue.dao.BsUserinfoDAO.
文件记录-2019-03-26 19:40:15 [restartedMain] INFO  o.s.b.c.e.t.TomcatEmbeddedServletContainer - Tomcat initialized with port(s): 8080 (http)
文件记录-2019-03-26 19:40:15 [restartedMain] INFO  o.a.catalina.core.StandardService - Starting service [Tomcat]
文件记录-2019-03-26 19:40:15 [restartedMain] INFO  o.a.catalina.core.StandardEngine - Starting Servlet Engine: Apache Tomcat/8.5.23
文件记录-2019-03-26 19:40:15 [localhost-startStop-1] INFO  org.apache.jasper.servlet.TldScanner - At least one JAR was scanned for TLDs yet contained no TLDs. Enable debug logging for this logger for a complete list of JARs that were scanned but no TLDs were found in them. Skipping unneeded JARs during scanning can improve startup time and JSP compilation time.
文件记录-2019-03-26 19:40:15 [localhost-startStop-1] INFO  o.a.c.c.C.[.[localhost].[/yuyue] - Initializing Spring embedded WebApplicationContext
文件记录-2019-03-26 19:40:15 [localhost-startStop-1] INFO  o.s.web.context.ContextLoader - Root WebApplicationContext: initialization completed in 3395 ms
文件记录-2019-03-26 19:40:16 [localhost-startStop-1] INFO  o.s.b.w.s.ServletRegistrationBean - Mapping servlet: 'dispatcherServlet' to [/]
文件记录-2019-03-26 19:40:16 [localhost-startStop-1] INFO  o.s.b.w.s.FilterRegistrationBean - Mapping filter: 'characterEncodingFilter' to: [/*]
文件记录-2019-03-26 19:40:16 [localhost-startStop-1] INFO  o.s.b.w.s.FilterRegistrationBean - Mapping filter: 'hiddenHttpMethodFilter' to: [/*]
文件记录-2019-03-26 19:40:16 [localhost-startStop-1] INFO  o.s.b.w.s.FilterRegistrationBean - Mapping filter: 'httpPutFormContentFilter' to: [/*]
文件记录-2019-03-26 19:40:16 [localhost-startStop-1] INFO  o.s.b.w.s.FilterRegistrationBean - Mapping filter: 'requestContextFilter' to: [/*]
文件记录-2019-03-26 19:41:14 [restartedMain] INFO  com.yuyue.Application - Starting Application on 惠普暗影精灵 with PID 16324 (E:\eclipse\beyuyue\target\classes started by 吴俭 in E:\eclipse\beyuyue)
文件记录-2019-03-26 19:41:14 [restartedMain] INFO  com.yuyue.Application - No active profile set, falling back to default profiles: default
文件记录-2019-03-26 19:41:14 [background-preinit] INFO  o.h.validator.internal.util.Version - HV000001: Hibernate Validator 5.3.6.Final
文件记录-2019-03-26 19:41:14 [restartedMain] INFO  o.s.b.c.e.AnnotationConfigEmbeddedWebApplicationContext - Refreshing org.springframework.boot.context.embedded.AnnotationConfigEmbeddedWebApplicationContext@499881aa: startup date [Tue Mar 26 19:41:14 CST 2019]; root of context hierarchy
文件记录-2019-03-26 19:41:15 [restartedMain] INFO  o.s.d.r.c.RepositoryConfigurationDelegate - Multiple Spring Data modules found, entering strict repository configuration mode!
文件记录-2019-03-26 19:41:15 [restartedMain] INFO  o.s.d.r.c.RepositoryConfigurationExtensionSupport - Spring Data Elasticsearch - Could not safely identify store assignment for repository candidate interface com.yuyue.dao.BsBookcellinfoDAO.
文件记录-2019-03-26 19:41:15 [restartedMain] INFO  o.s.d.r.c.RepositoryConfigurationExtensionSupport - Spring Data Elasticsearch - Could not safely identify store assignment for repository candidate interface com.yuyue.dao.BsBookinfoDAO.
文件记录-2019-03-26 19:41:15 [restartedMain] INFO  o.s.d.r.c.RepositoryConfigurationExtensionSupport - Spring Data Elasticsearch - Could not safely identify store assignment for repository candidate interface com.yuyue.dao.BsBookcolumnDAO.
文件记录-2019-03-26 19:41:15 [restartedMain] INFO  o.s.d.r.c.RepositoryConfigurationExtensionSupport - Spring Data Elasticsearch - Could not safely identify store assignment for repository candidate interface com.yuyue.dao.RsUserdynamiclikeDAO.
文件记录-2019-03-26 19:41:15 [restartedMain] INFO  o.s.d.r.c.RepositoryConfigurationExtensionSupport - Spring Data Elasticsearch - Could not safely identify store assignment for repository candidate interface com.yuyue.dao.BsBookcategoryDAO.
文件记录-2019-03-26 19:41:15 [restartedMain] INFO  o.s.d.r.c.RepositoryConfigurationExtensionSupport - Spring Data Elasticsearch - Could not safely identify store assignment for repository candidate interface com.yuyue.dao.BsVipplanDAO.
文件记录-2019-03-26 19:41:15 [restartedMain] INFO  o.s.d.r.c.RepositoryConfigurationExtensionSupport - Spring Data Elasticsearch - Could not safely identify store assignment for repository candidate interface com.yuyue.dao.BsBooksubjectDAO.
文件记录-2019-03-26 19:41:15 [restartedMain] INFO  o.s.d.r.c.RepositoryConfigurationExtensionSupport - Spring Data Elasticsearch - Could not safely identify store assignment for repository candidate interface com.yuyue.dao.BsInvitecodeDAO.
文件记录-2019-03-26 19:41:15 [restartedMain] INFO  o.s.d.r.c.RepositoryConfigurationExtensionSupport - Spring Data Elasticsearch - Could not safely identify store assignment for repository candidate interface com.yuyue.dao.BsPublishinfoDAO.
文件记录-2019-03-26 19:41:15 [restartedMain] INFO  o.s.d.r.c.RepositoryConfigurationExtensionSupport - Spring Data Elasticsearch - Could not safely identify store assignment for repository candidate interface com.yuyue.dao.BeUserDAO.
文件记录-2019-03-26 19:41:15 [restartedMain] INFO  o.s.d.r.c.RepositoryConfigurationExtensionSupport - Spring Data Elasticsearch - Could not safely identify store assignment for repository candidate interface com.yuyue.dao.BsPictureDAO.
文件记录-2019-03-26 19:41:15 [restartedMain] INFO  o.s.d.r.c.RepositoryConfigurationExtensionSupport - Spring Data Elasticsearch - Could not safely identify store assignment for repository candidate interface com.yuyue.dao.BsBookinstoreDAO.
文件记录-2019-03-26 19:41:15 [restartedMain] INFO  o.s.d.r.c.RepositoryConfigurationExtensionSupport - Spring Data Elasticsearch - Could not safely identify store assignment for repository candidate interface com.yuyue.dao.BeInstitutionDAO.
文件记录-2019-03-26 19:41:15 [restartedMain] INFO  o.s.d.r.c.RepositoryConfigurationExtensionSupport - Spring Data Elasticsearch - Could not safely identify store assignment for repository candidate interface com.yuyue.dao.BeRoleDAO.
文件记录-2019-03-26 19:41:15 [restartedMain] INFO  o.s.d.r.c.RepositoryConfigurationExtensionSupport - Spring Data Elasticsearch - Could not safely identify store assignment for repository candidate interface com.yuyue.dao.RsRolepermissionDAO.
文件记录-2019-03-26 19:41:15 [restartedMain] INFO  o.s.d.r.c.RepositoryConfigurationExtensionSupport - Spring Data Elasticsearch - Could not safely identify store assignment for repository candidate interface com.yuyue.dao.RsUsercreditDAO.
文件记录-2019-03-26 19:41:15 [restartedMain] INFO  o.s.d.r.c.RepositoryConfigurationExtensionSupport - Spring Data Elasticsearch - Could not safely identify store assignment for repository candidate interface com.yuyue.dao.BeSensitiveDAO.
文件记录-2019-03-26 19:41:15 [restartedMain] INFO  o.s.d.r.c.RepositoryConfigurationExtensionSupport - Spring Data Elasticsearch - Could not safely identify store assignment for repository candidate interface com.yuyue.dao.BsIvtuserinfoDAO.
文件记录-2019-03-26 19:41:15 [restartedMain] INFO  o.s.d.r.c.RepositoryConfigurationExtensionSupport - Spring Data Elasticsearch - Could not safely identify store assignment for repository candidate interface com.yuyue.dao.RsBookincolumnDAO.
文件记录-2019-03-26 19:41:15 [restartedMain] INFO  o.s.d.r.c.RepositoryConfigurationExtensionSupport - Spring Data Elasticsearch - Could not safely identify store assignment for repository candidate interface com.yuyue.dao.BsUserdynamicDAO.
文件记录-2019-03-26 19:41:15 [restartedMain] INFO  o.s.d.r.c.RepositoryConfigurationExtensionSupport - Spring Data Elasticsearch - Could not safely identify store assignment for repository candidate interface com.yuyue.dao.RsCurdonaterecordDAO.
文件记录-2019-03-26 19:41:15 [restartedMain] INFO  o.s.d.r.c.RepositoryConfigurationExtensionSupport - Spring Data Elasticsearch - Could not safely identify store assignment for repository candidate interface com.yuyue.dao.RsVipplanorderDAO.
文件记录-2019-03-26 19:41:15 [restartedMain] INFO  o.s.d.r.c.RepositoryConfigurationExtensionSupport - Spring Data Elasticsearch - Could not safely identify store assignment for repository candidate interface com.yuyue.dao.BsBookcaseinfoDAO.
文件记录-2019-03-26 19:41:15 [restartedMain] INFO  o.s.d.r.c.RepositoryConfigurationExtensionSupport - Spring Data Elasticsearch - Could not safely identify store assignment for repository candidate interface com.yuyue.dao.RsBookinsubjectDAO.
文件记录-2019-03-26 19:41:15 [restartedMain] INFO  o.s.d.r.c.RepositoryConfigurationExtensionSupport - Spring Data Elasticsearch - Could not safely identify store assignment for repository candidate interface com.yuyue.dao.RsHisborrowrecordDAO.
文件记录-2019-03-26 19:41:15 [restartedMain] INFO  o.s.d.r.c.RepositoryConfigurationExtensionSupport - Spring Data Elasticsearch - Could not safely identify store assignment for repository candidate interface com.yuyue.dao.BePermissionDAO.
文件记录-2019-03-26 19:41:15 [restartedMain] INFO  o.s.d.r.c.RepositoryConfigurationExtensionSupport - Spring Data Elasticsearch - Could not safely identify store assignment for repository candidate interface com.yuyue.dao.RsCurborrowrecordDAO.
文件记录-2019-03-26 19:41:15 [restartedMain] INFO  o.s.d.r.c.RepositoryConfigurationExtensionSupport - Spring Data Elasticsearch - Could not safely identify store assignment for repository candidate interface com.yuyue.dao.BsFamilyinfoDAO.
文件记录-2019-03-26 19:41:15 [restartedMain] INFO  o.s.d.r.c.RepositoryConfigurationExtensionSupport - Spring Data Elasticsearch - Could not safely identify store assignment for repository candidate interface com.yuyue.dao.BsUserdynamiccmntDAO.
文件记录-2019-03-26 19:41:15 [restartedMain] INFO  o.s.d.r.c.RepositoryConfigurationExtensionSupport - Spring Data Elasticsearch - Could not safely identify store assignment for repository candidate interface com.yuyue.dao.BeDepartmentDAO.
文件记录-2019-03-26 19:41:15 [restartedMain] INFO  o.s.d.r.c.RepositoryConfigurationExtensionSupport - Spring Data Elasticsearch - Could not safely identify store assignment for repository candidate interface com.yuyue.dao.BsUserinfoDAO.
文件记录-2019-03-26 19:41:15 [restartedMain] INFO  o.s.d.r.c.RepositoryConfigurationDelegate - Multiple Spring Data modules found, entering strict repository configuration mode!
文件记录-2019-03-26 19:41:15 [restartedMain] INFO  o.s.d.r.c.RepositoryConfigurationDelegate - Multiple Spring Data modules found, entering strict repository configuration mode!
文件记录-2019-03-26 19:41:15 [restartedMain] INFO  o.s.d.r.c.RepositoryConfigurationExtensionSupport - Spring Data Redis - Could not safely identify store assignment for repository candidate interface com.yuyue.dao.BsBookcellinfoDAO.
文件记录-2019-03-26 19:41:15 [restartedMain] INFO  o.s.d.r.c.RepositoryConfigurationExtensionSupport - Spring Data Redis - Could not safely identify store assignment for repository candidate interface com.yuyue.dao.BsBookinfoDAO.
文件记录-2019-03-26 19:41:15 [restartedMain] INFO  o.s.d.r.c.RepositoryConfigurationExtensionSupport - Spring Data Redis - Could not safely identify store assignment for repository candidate interface com.yuyue.dao.BsBookcolumnDAO.
文件记录-2019-03-26 19:41:15 [restartedMain] INFO  o.s.d.r.c.RepositoryConfigurationExtensionSupport - Spring Data Redis - Could not safely identify store assignment for repository candidate interface com.yuyue.dao.RsUserdynamiclikeDAO.
文件记录-2019-03-26 19:41:15 [restartedMain] INFO  o.s.d.r.c.RepositoryConfigurationExtensionSupport - Spring Data Redis - Could not safely identify store assignment for repository candidate interface com.yuyue.dao.BsBookcategoryDAO.
文件记录-2019-03-26 19:41:15 [restartedMain] INFO  o.s.d.r.c.RepositoryConfigurationExtensionSupport - Spring Data Redis - Could not safely identify store assignment for repository candidate interface com.yuyue.dao.BsVipplanDAO.
文件记录-2019-03-26 19:41:15 [restartedMain] INFO  o.s.d.r.c.RepositoryConfigurationExtensionSupport - Spring Data Redis - Could not safely identify store assignment for repository candidate interface com.yuyue.dao.BsBooksubjectDAO.
文件记录-2019-03-26 19:41:15 [restartedMain] INFO  o.s.d.r.c.RepositoryConfigurationExtensionSupport - Spring Data Redis - Could not safely identify store assignment for repository candidate interface com.yuyue.dao.BsInvitecodeDAO.
文件记录-2019-03-26 19:41:15 [restartedMain] INFO  o.s.d.r.c.RepositoryConfigurationExtensionSupport - Spring Data Redis - Could not safely identify store assignment for repository candidate interface com.yuyue.dao.BsPublishinfoDAO.
文件记录-2019-03-26 19:41:15 [restartedMain] INFO  o.s.d.r.c.RepositoryConfigurationExtensionSupport - Spring Data Redis - Could not safely identify store assignment for repository candidate interface com.yuyue.dao.BeUserDAO.
文件记录-2019-03-26 19:41:15 [restartedMain] INFO  o.s.d.r.c.RepositoryConfigurationExtensionSupport - Spring Data Redis - Could not safely identify store assignment for repository candidate interface com.yuyue.dao.BsPictureDAO.
文件记录-2019-03-26 19:41:15 [restartedMain] INFO  o.s.d.r.c.RepositoryConfigurationExtensionSupport - Spring Data Redis - Could not safely identify store assignment for repository candidate interface com.yuyue.dao.BsBookinstoreDAO.
文件记录-2019-03-26 19:41:15 [restartedMain] INFO  o.s.d.r.c.RepositoryConfigurationExtensionSupport - Spring Data Redis - Could not safely identify store assignment for repository candidate interface com.yuyue.dao.BeInstitutionDAO.
文件记录-2019-03-26 19:41:15 [restartedMain] INFO  o.s.d.r.c.RepositoryConfigurationExtensionSupport - Spring Data Redis - Could not safely identify store assignment for repository candidate interface com.yuyue.dao.BeRoleDAO.
文件记录-2019-03-26 19:41:15 [restartedMain] INFO  o.s.d.r.c.RepositoryConfigurationExtensionSupport - Spring Data Redis - Could not safely identify store assignment for repository candidate interface com.yuyue.dao.RsRolepermissionDAO.
文件记录-2019-03-26 19:41:15 [restartedMain] INFO  o.s.d.r.c.RepositoryConfigurationExtensionSupport - Spring Data Redis - Could not safely identify store assignment for repository candidate interface com.yuyue.dao.RsUsercreditDAO.
文件记录-2019-03-26 19:41:15 [restartedMain] INFO  o.s.d.r.c.RepositoryConfigurationExtensionSupport - Spring Data Redis - Could not safely identify store assignment for repository candidate interface com.yuyue.dao.BeSensitiveDAO.
文件记录-2019-03-26 19:41:15 [restartedMain] INFO  o.s.d.r.c.RepositoryConfigurationExtensionSupport - Spring Data Redis - Could not safely identify store assignment for repository candidate interface com.yuyue.dao.BsIvtuserinfoDAO.
文件记录-2019-03-26 19:41:15 [restartedMain] INFO  o.s.d.r.c.RepositoryConfigurationExtensionSupport - Spring Data Redis - Could not safely identify store assignment for repository candidate interface com.yuyue.dao.RsBookincolumnDAO.
文件记录-2019-03-26 19:41:15 [restartedMain] INFO  o.s.d.r.c.RepositoryConfigurationExtensionSupport - Spring Data Redis - Could not safely identify store assignment for repository candidate interface com.yuyue.dao.BsUserdynamicDAO.
文件记录-2019-03-26 19:41:15 [restartedMain] INFO  o.s.d.r.c.RepositoryConfigurationExtensionSupport - Spring Data Redis - Could not safely identify store assignment for repository candidate interface com.yuyue.dao.RsCurdonaterecordDAO.
文件记录-2019-03-26 19:41:15 [restartedMain] INFO  o.s.d.r.c.RepositoryConfigurationExtensionSupport - Spring Data Redis - Could not safely identify store assignment for repository candidate interface com.yuyue.dao.RsVipplanorderDAO.
文件记录-2019-03-26 19:41:15 [restartedMain] INFO  o.s.d.r.c.RepositoryConfigurationExtensionSupport - Spring Data Redis - Could not safely identify store assignment for repository candidate interface com.yuyue.dao.BsBookcaseinfoDAO.
文件记录-2019-03-26 19:41:15 [restartedMain] INFO  o.s.d.r.c.RepositoryConfigurationExtensionSupport - Spring Data Redis - Could not safely identify store assignment for repository candidate interface com.yuyue.dao.RsBookinsubjectDAO.
文件记录-2019-03-26 19:41:15 [restartedMain] INFO  o.s.d.r.c.RepositoryConfigurationExtensionSupport - Spring Data Redis - Could not safely identify store assignment for repository candidate interface com.yuyue.dao.RsHisborrowrecordDAO.
文件记录-2019-03-26 19:41:15 [restartedMain] INFO  o.s.d.r.c.RepositoryConfigurationExtensionSupport - Spring Data Redis - Could not safely identify store assignment for repository candidate interface com.yuyue.dao.BePermissionDAO.
文件记录-2019-03-26 19:41:15 [restartedMain] INFO  o.s.d.r.c.RepositoryConfigurationExtensionSupport - Spring Data Redis - Could not safely identify store assignment for repository candidate interface com.yuyue.dao.RsCurborrowrecordDAO.
文件记录-2019-03-26 19:41:15 [restartedMain] INFO  o.s.d.r.c.RepositoryConfigurationExtensionSupport - Spring Data Redis - Could not safely identify store assignment for repository candidate interface com.yuyue.dao.BsFamilyinfoDAO.
文件记录-2019-03-26 19:41:15 [restartedMain] INFO  o.s.d.r.c.RepositoryConfigurationExtensionSupport - Spring Data Redis - Could not safely identify store assignment for repository candidate interface com.yuyue.dao.BsUserdynamiccmntDAO.
文件记录-2019-03-26 19:41:15 [restartedMain] INFO  o.s.d.r.c.RepositoryConfigurationExtensionSupport - Spring Data Redis - Could not safely identify store assignment for repository candidate interface com.yuyue.dao.BeDepartmentDAO.
文件记录-2019-03-26 19:41:15 [restartedMain] INFO  o.s.d.r.c.RepositoryConfigurationExtensionSupport - Spring Data Redis - Could not safely identify store assignment for repository candidate interface com.yuyue.dao.BsUserinfoDAO.
文件记录-2019-03-26 19:41:16 [restartedMain] INFO  o.s.b.c.e.t.TomcatEmbeddedServletContainer - Tomcat initialized with port(s): 8080 (http)
文件记录-2019-03-26 19:41:16 [restartedMain] INFO  o.a.catalina.core.StandardService - Starting service [Tomcat]
文件记录-2019-03-26 19:41:16 [restartedMain] INFO  o.a.catalina.core.StandardEngine - Starting Servlet Engine: Apache Tomcat/8.5.23
文件记录-2019-03-26 19:41:16 [localhost-startStop-1] INFO  org.apache.jasper.servlet.TldScanner - At least one JAR was scanned for TLDs yet contained no TLDs. Enable debug logging for this logger for a complete list of JARs that were scanned but no TLDs were found in them. Skipping unneeded JARs during scanning can improve startup time and JSP compilation time.
文件记录-2019-03-26 19:41:16 [localhost-startStop-1] INFO  o.a.c.c.C.[.[localhost].[/yuyue] - Initializing Spring embedded WebApplicationContext
文件记录-2019-03-26 19:41:16 [localhost-startStop-1] INFO  o.s.web.context.ContextLoader - Root WebApplicationContext: initialization completed in 2118 ms
文件记录-2019-03-26 19:41:16 [localhost-startStop-1] INFO  o.s.b.w.s.ServletRegistrationBean - Mapping servlet: 'dispatcherServlet' to [/]
文件记录-2019-03-26 19:41:16 [localhost-startStop-1] INFO  o.s.b.w.s.FilterRegistrationBean - Mapping filter: 'characterEncodingFilter' to: [/*]
文件记录-2019-03-26 19:41:16 [localhost-startStop-1] INFO  o.s.b.w.s.FilterRegistrationBean - Mapping filter: 'hiddenHttpMethodFilter' to: [/*]
文件记录-2019-03-26 19:41:16 [localhost-startStop-1] INFO  o.s.b.w.s.FilterRegistrationBean - Mapping filter: 'httpPutFormContentFilter' to: [/*]
文件记录-2019-03-26 19:41:16 [localhost-startStop-1] INFO  o.s.b.w.s.FilterRegistrationBean - Mapping filter: 'requestContextFilter' to: [/*]
文件记录-2019-03-26 19:41:17 [restartedMain] INFO  o.s.o.j.LocalContainerEntityManagerFactoryBean - Building JPA container EntityManagerFactory for persistence unit 'default'
文件记录-2019-03-26 19:41:18 [restartedMain] INFO  o.h.jpa.internal.util.LogHelper - HHH000204: Processing PersistenceUnitInfo [
	name: default
	...]
文件记录-2019-03-26 19:41:18 [restartedMain] INFO  org.hibernate.Version - HHH000412: Hibernate Core {5.0.12.Final}
文件记录-2019-03-26 19:41:18 [restartedMain] INFO  org.hibernate.cfg.Environment - HHH000206: hibernate.properties not found
文件记录-2019-03-26 19:41:18 [restartedMain] INFO  org.hibernate.cfg.Environment - HHH000021: Bytecode provider name : javassist
文件记录-2019-03-26 19:41:18 [restartedMain] INFO  o.h.annotations.common.Version - HCANN000001: Hibernate Commons Annotations {5.0.1.Final}
文件记录-2019-03-26 19:41:18 [restartedMain] INFO  org.hibernate.dialect.Dialect - HHH000400: Using dialect: org.hibernate.dialect.MySQL5Dialect
文件记录-2019-03-26 19:41:19 [restartedMain] INFO  o.h.h.i.QueryTranslatorFactoryInitiator - HHH000397: Using ASTQueryTranslatorFactory
文件记录-2019-03-26 19:41:19 [restartedMain] INFO  o.s.o.j.LocalContainerEntityManagerFactoryBean - Initialized JPA EntityManagerFactory for persistence unit 'default'
文件记录-2019-03-26 19:41:20 [restartedMain] INFO  o.s.w.s.m.m.a.RequestMappingHandlerAdapter - Looking for @ControllerAdvice: org.springframework.boot.context.embedded.AnnotationConfigEmbeddedWebApplicationContext@499881aa: startup date [Tue Mar 26 19:41:14 CST 2019]; root of context hierarchy
文件记录-2019-03-26 19:41:20 [restartedMain] INFO  o.s.w.s.m.m.a.RequestMappingHandlerMapping - Mapped "{[/updatePublishinfo],methods=[POST],consumes=[application/json]}" onto public java.lang.Object com.yuyue.web.BookController.updatePublishinfo(com.yuyue.pojo.BsPublishinfo) throws java.io.IOException
文件记录-2019-03-26 19:41:20 [restartedMain] INFO  o.s.w.s.m.m.a.RequestMappingHandlerMapping - Mapped "{[/deletePublishinfo]}" onto public java.lang.Object com.yuyue.web.BookController.deletePublishinfo(int)
文件记录-2019-03-26 19:41:20 [restartedMain] INFO  o.s.w.s.m.m.a.RequestMappingHandlerMapping - Mapped "{[/listBookinstore]}" onto public com.yuyue.util.Page4Navigator<com.yuyue.pojo.BsBookinstore> com.yuyue.web.BookController.listBsBookinstore(int,int,java.lang.String)
文件记录-2019-03-26 19:41:20 [restartedMain] INFO  o.s.w.s.m.m.a.RequestMappingHandlerMapping - Mapped "{[/addBookinfo],methods=[POST]}" onto public java.lang.Object com.yuyue.web.BookController.addBookinfo(com.yuyue.pojo.BsBookinfo) throws java.io.IOException
文件记录-2019-03-26 19:41:20 [restartedMain] INFO  o.s.w.s.m.m.a.RequestMappingHandlerMapping - Mapped "{[/getPublishinfo]}" onto public java.lang.Object com.yuyue.web.BookController.getPublishinfo(int)
文件记录-2019-03-26 19:41:20 [restartedMain] INFO  o.s.w.s.m.m.a.RequestMappingHandlerMapping - Mapped "{[/getBookinfo]}" onto public java.lang.Object com.yuyue.web.BookController.getBookinfo(int)
文件记录-2019-03-26 19:41:20 [restartedMain] INFO  o.s.w.s.m.m.a.RequestMappingHandlerMapping - Mapped "{[/updateBookinfo],methods=[POST],consumes=[application/json]}" onto public java.lang.Object com.yuyue.web.BookController.updateBookinfo(com.yuyue.pojo.BsBookinfo) throws java.io.IOException
文件记录-2019-03-26 19:41:20 [restartedMain] INFO  o.s.w.s.m.m.a.RequestMappingHandlerMapping - Mapped "{[/listBookinfo]}" onto public com.yuyue.util.Page4Navigator<com.yuyue.pojo.BsBookinfo> com.yuyue.web.BookController.listBookinfos(int,int,java.lang.String)
文件记录-2019-03-26 19:41:20 [restartedMain] INFO  o.s.w.s.m.m.a.RequestMappingHandlerMapping - Mapped "{[/listPublishinfo]}" onto public com.yuyue.util.Page4Navigator<com.yuyue.pojo.BsPublishinfo> com.yuyue.web.BookController.listPublishinfo(int,int,java.lang.String)
文件记录-2019-03-26 19:41:20 [restartedMain] INFO  o.s.w.s.m.m.a.RequestMappingHandlerMapping - Mapped "{[/addPublishinfo],methods=[POST],consumes=[application/json]}" onto public java.lang.Object com.yuyue.web.BookController.addPublishinfo(com.yuyue.pojo.BsPublishinfo) throws java.io.IOException
文件记录-2019-03-26 19:41:20 [restartedMain] INFO  o.s.w.s.m.m.a.RequestMappingHandlerMapping - Mapped "{[/listCurdonaterecord]}" onto public com.yuyue.util.Page4Navigator<com.yuyue.pojo.RsCurdonaterecord> com.yuyue.web.OrderController.listCurdonaterecord(int,int)
文件记录-2019-03-26 19:41:20 [restartedMain] INFO  o.s.w.s.m.m.a.RequestMappingHandlerMapping - Mapped "{[/listHisborrowrecord]}" onto public com.yuyue.util.Page4Navigator<com.yuyue.pojo.RsHisborrowrecord> com.yuyue.web.OrderController.listHisborrowrecord(int,int)
文件记录-2019-03-26 19:41:20 [restartedMain] INFO  o.s.w.s.m.m.a.RequestMappingHandlerMapping - Mapped "{[/listCurborrowrecord]}" onto public com.yuyue.util.Page4Navigator<com.yuyue.pojo.RsCurborrowrecord> com.yuyue.web.OrderController.listCurborrowrecord(int,int)
文件记录-2019-03-26 19:41:20 [restartedMain] INFO  o.s.w.s.m.m.a.RequestMappingHandlerMapping - Mapped "{[/list]}" onto public java.util.List<com.yuyue.pojo.BeRole> com.yuyue.web.OverallController.list()
文件记录-2019-03-26 19:41:20 [restartedMain] INFO  o.s.w.s.m.m.a.RequestMappingHandlerMapping - Mapped "{[/home]}" onto public java.lang.Object com.yuyue.web.OverallController.home()
文件记录-2019-03-26 19:41:20 [restartedMain] INFO  o.s.w.s.m.m.a.RequestMappingHandlerMapping - Mapped "{[/getUserPermission]}" onto public java.lang.Object com.yuyue.web.OverallController.getUserPermission(javax.servlet.http.HttpSession)
文件记录-2019-03-26 19:41:20 [restartedMain] INFO  o.s.w.s.m.m.a.RequestMappingHandlerMapping - Mapped "{[/login],consumes=[application/json]}" onto public java.lang.Object com.yuyue.web.OverallController.login(com.yuyue.pojo.BeUser,javax.servlet.http.HttpSession) throws java.io.IOException
文件记录-2019-03-26 19:41:20 [restartedMain] INFO  o.s.w.s.m.m.a.RequestMappingHandlerMapping - Mapped "{[/changePassword],methods=[POST],consumes=[application/json]}" onto public java.lang.Object com.yuyue.web.OverallController.changePassword(java.lang.String,java.lang.String,javax.servlet.http.HttpSession) throws java.io.IOException
文件记录-2019-03-26 19:41:20 [restartedMain] INFO  o.s.w.s.m.m.a.RequestMappingHandlerMapping - Mapped "{[/deleteUserdynamic]}" onto public java.lang.Object com.yuyue.web.ShoalController.deleteUserdynamic(int)
文件记录-2019-03-26 19:41:20 [restartedMain] INFO  o.s.w.s.m.m.a.RequestMappingHandlerMapping - Mapped "{[/listUserdynamiccmnt]}" onto public java.util.List<com.yuyue.pojo.BsUserdynamiccmnt> com.yuyue.web.ShoalController.listUserdynamiccmntService()
文件记录-2019-03-26 19:41:20 [restartedMain] INFO  o.s.w.s.m.m.a.RequestMappingHandlerMapping - Mapped "{[/deleteSensitive]}" onto public java.lang.Object com.yuyue.web.ShoalController.deleteSensitive(int)
文件记录-2019-03-26 19:41:20 [restartedMain] INFO  o.s.w.s.m.m.a.RequestMappingHandlerMapping - Mapped "{[/addSensitive],methods=[POST]}" onto public java.lang.Object com.yuyue.web.ShoalController.addSensitive(com.yuyue.pojo.BeSensitive) throws java.io.IOException
文件记录-2019-03-26 19:41:20 [restartedMain] INFO  o.s.w.s.m.m.a.RequestMappingHandlerMapping - Mapped "{[/listSensitive]}" onto public java.util.List<com.yuyue.pojo.BeSensitive> com.yuyue.web.ShoalController.listSensitive()
文件记录-2019-03-26 19:41:20 [restartedMain] INFO  o.s.w.s.m.m.a.RequestMappingHandlerMapping - Mapped "{[/listUserdynamic]}" onto public com.yuyue.util.Page4Navigator<com.yuyue.pojo.BsUserdynamic> com.yuyue.web.ShoalController.listUserdynamic(int,int,java.lang.String)
文件记录-2019-03-26 19:41:20 [restartedMain] INFO  o.s.w.s.m.m.a.RequestMappingHandlerMapping - Mapped "{[/listUserinfo]}" onto public java.util.List<com.yuyue.pojo.BsUserinfo> com.yuyue.web.ShoalController.listUser()
文件记录-2019-03-26 19:41:20 [restartedMain] INFO  o.s.w.s.m.m.a.RequestMappingHandlerMapping - Mapped "{[/getPermission]}" onto public java.lang.Object com.yuyue.web.SystemController.getPermission(java.lang.String)
文件记录-2019-03-26 19:41:20 [restartedMain] INFO  o.s.w.s.m.m.a.RequestMappingHandlerMapping - Mapped "{[/listRolePermission]}" onto public java.util.List<com.yuyue.pojo.RsRolepermission> com.yuyue.web.SystemController.listRolePermission()
文件记录-2019-03-26 19:41:20 [restartedMain] INFO  o.s.w.s.m.m.a.RequestMappingHandlerMapping - Mapped "{[/listInstitution]}" onto public java.util.List<com.yuyue.pojo.BeInstitution> com.yuyue.web.SystemController.listInstitution()
文件记录-2019-03-26 19:41:20 [restartedMain] INFO  o.s.w.s.m.m.a.RequestMappingHandlerMapping - Mapped "{[/listPermission]}" onto public java.util.List<com.yuyue.pojo.BePermission> com.yuyue.web.SystemController.listPermission()
文件记录-2019-03-26 19:41:20 [restartedMain] INFO  o.s.w.s.m.m.a.RequestMappingHandlerMapping - Mapped "{[/listUser]}" onto public java.util.List<com.yuyue.pojo.BeUser> com.yuyue.web.SystemController.listUser()
文件记录-2019-03-26 19:41:20 [restartedMain] INFO  o.s.w.s.m.m.a.RequestMappingHandlerMapping - Mapped "{[/test]}" onto public java.lang.String com.yuyue.web.testController.test(javax.servlet.http.HttpSession)
文件记录-2019-03-26 19:41:20 [restartedMain] INFO  o.s.w.s.m.m.a.RequestMappingHandlerMapping - Mapped "{[/listBeUser]}" onto public java.util.List<com.yuyue.pojo.BeUser> com.yuyue.web.testController.listUser()
文件记录-2019-03-26 19:41:20 [restartedMain] INFO  o.s.w.s.m.m.a.RequestMappingHandlerMapping - Mapped "{[/listVipplanorderByStatus]}" onto public com.yuyue.util.Page4Navigator<com.yuyue.pojo.RsVipplanorder> com.yuyue.web.VipController.listVipplanorderByStatus(byte,int,int)
文件记录-2019-03-26 19:41:20 [restartedMain] INFO  o.s.w.s.m.m.a.RequestMappingHandlerMapping - Mapped "{[/listInvitecode]}" onto public com.yuyue.util.Page4Navigator<com.yuyue.pojo.BsInvitecode> com.yuyue.web.VipController.listInvitecode(int,int)
文件记录-2019-03-26 19:41:20 [restartedMain] INFO  o.s.w.s.m.m.a.RequestMappingHandlerMapping - Mapped "{[/listVipplanorder]}" onto public com.yuyue.util.Page4Navigator<com.yuyue.pojo.RsVipplanorder> com.yuyue.web.VipController.listVipplanorder(int,int)
文件记录-2019-03-26 19:41:20 [restartedMain] INFO  o.s.w.s.m.m.a.RequestMappingHandlerMapping - Mapped "{[/listUsercredit]}" onto public com.yuyue.util.Page4Navigator<com.yuyue.pojo.RsUsercredit> com.yuyue.web.VipController.listUsercredit(int,int)
文件记录-2019-03-26 19:41:20 [restartedMain] INFO  o.s.w.s.m.m.a.RequestMappingHandlerMapping - Mapped "{[/listBookcaseinfo]}" onto public com.yuyue.util.Page4Navigator<com.yuyue.pojo.BsBookcaseinfo> com.yuyue.web.WarehouseController.listBookcaseinfo(int,int)
文件记录-2019-03-26 19:41:20 [restartedMain] INFO  o.s.w.s.m.m.a.RequestMappingHandlerMapping - Mapped "{[/deletebookinsubject]}" onto public java.lang.Object com.yuyue.web.WebsiteController.deleteBookinsubject(int) throws java.io.IOException
文件记录-2019-03-26 19:41:20 [restartedMain] INFO  o.s.w.s.m.m.a.RequestMappingHandlerMapping - Mapped "{[/addsubject],methods=[POST],consumes=[application/json]}" onto public java.lang.Object com.yuyue.web.WebsiteController.addSubject(com.yuyue.pojo.BsBooksubject) throws java.io.IOException
文件记录-2019-03-26 19:41:20 [restartedMain] INFO  o.s.w.s.m.m.a.RequestMappingHandlerMapping - Mapped "{[/updatesubject],consumes=[application/json]}" onto public java.lang.Object com.yuyue.web.WebsiteController.updateSubject(com.yuyue.pojo.BsBooksubject) throws java.io.IOException
文件记录-2019-03-26 19:41:20 [restartedMain] INFO  o.s.w.s.m.m.a.RequestMappingHandlerMapping - Mapped "{[/deletesubject]}" onto public java.lang.Object com.yuyue.web.WebsiteController.deleteSubject(int)
文件记录-2019-03-26 19:41:20 [restartedMain] INFO  o.s.w.s.m.m.a.RequestMappingHandlerMapping - Mapped "{[/addbookinsubject]}" onto public java.lang.Object com.yuyue.web.WebsiteController.addBookinsubject(com.yuyue.pojo.RsBookinsubject)
文件记录-2019-03-26 19:41:20 [restartedMain] INFO  o.s.w.s.m.m.a.RequestMappingHandlerMapping - Mapped "{[/listBookcategory]}" onto public java.lang.Object com.yuyue.web.WebsiteController.listBookcategory()
文件记录-2019-03-26 19:41:20 [restartedMain] INFO  o.s.w.s.m.m.a.RequestMappingHandlerMapping - Mapped "{[/listPicture]}" onto public com.yuyue.util.Page4Navigator<com.yuyue.pojo.BsPicture> com.yuyue.web.WebsiteController.listPicture(int,int)
文件记录-2019-03-26 19:41:20 [restartedMain] INFO  o.s.w.s.m.m.a.RequestMappingHandlerMapping - Mapped "{[/getBooks]}" onto public java.lang.Object com.yuyue.web.WebsiteController.getBooks(com.yuyue.pojo.BsBooksubject)
文件记录-2019-03-26 19:41:20 [restartedMain] INFO  o.s.w.s.m.m.a.RequestMappingHandlerMapping - Mapped "{[/subject]}" onto public com.yuyue.util.Page4Navigator<com.yuyue.pojo.BsBooksubject> com.yuyue.web.WebsiteController.subject(int,int)
文件记录-2019-03-26 19:41:20 [restartedMain] INFO  o.s.w.s.m.m.a.RequestMappingHandlerMapping - Mapped "{[/error]}" onto public org.springframework.http.ResponseEntity<java.util.Map<java.lang.String, java.lang.Object>> org.springframework.boot.autoconfigure.web.BasicErrorController.error(javax.servlet.http.HttpServletRequest)
文件记录-2019-03-26 19:41:20 [restartedMain] INFO  o.s.w.s.m.m.a.RequestMappingHandlerMapping - Mapped "{[/error],produces=[text/html]}" onto public org.springframework.web.servlet.ModelAndView org.springframework.boot.autoconfigure.web.BasicErrorController.errorHtml(javax.servlet.http.HttpServletRequest,javax.servlet.http.HttpServletResponse)
文件记录-2019-03-26 19:41:20 [restartedMain] INFO  o.s.w.s.h.SimpleUrlHandlerMapping - Mapped URL path [/webjars/**] onto handler of type [class org.springframework.web.servlet.resource.ResourceHttpRequestHandler]
文件记录-2019-03-26 19:41:20 [restartedMain] INFO  o.s.w.s.h.SimpleUrlHandlerMapping - Mapped URL path [/**] onto handler of type [class org.springframework.web.servlet.resource.ResourceHttpRequestHandler]
文件记录-2019-03-26 19:41:21 [restartedMain] INFO  o.s.w.s.h.SimpleUrlHandlerMapping - Mapped URL path [/**/favicon.ico] onto handler of type [class org.springframework.web.servlet.resource.ResourceHttpRequestHandler]
文件记录-2019-03-26 19:41:21 [restartedMain] WARN  o.s.b.a.t.AbstractTemplateResolverConfiguration - Cannot find template location: classpath:/templates/ (please add some templates or check your Thymeleaf configuration)
文件记录-2019-03-26 19:41:22 [restartedMain] INFO  org.elasticsearch.node - [Red Shift] version[2.4.6], pid[16324], build[5376dca/2017-07-18T12:17:44Z]
文件记录-2019-03-26 19:41:22 [restartedMain] INFO  org.elasticsearch.node - [Red Shift] initializing ...
文件记录-2019-03-26 19:41:22 [restartedMain] INFO  org.elasticsearch.plugins - [Red Shift] modules [], plugins [], sites []
文件记录-2019-03-26 19:41:22 [restartedMain] INFO  org.elasticsearch.env - [Red Shift] using [1] data paths, mounts [[(E:)]], net usable_space [227gb], net total_space [299.9gb], spins? [unknown], types [NTFS]
文件记录-2019-03-26 19:41:22 [restartedMain] INFO  org.elasticsearch.env - [Red Shift] heap size [1.7gb], compressed ordinary object pointers [true]
文件记录-2019-03-26 19:41:27 [restartedMain] INFO  org.elasticsearch.node - [Red Shift] initialized
文件记录-2019-03-26 19:41:27 [restartedMain] INFO  org.elasticsearch.node - [Red Shift] starting ...
文件记录-2019-03-26 19:41:27 [restartedMain] INFO  org.elasticsearch.transport - [Red Shift] publish_address {local[1]}, bound_addresses {local[1]}
文件记录-2019-03-26 19:41:27 [restartedMain] INFO  org.elasticsearch.discovery - [Red Shift] elasticsearch/yYHSEuxtQXuT5K9lTrVo_Q
文件记录-2019-03-26 19:41:27 [elasticsearch[Red Shift][clusterService#updateTask][T#1]] INFO  org.elasticsearch.cluster.service - [Red Shift] new_master {Red Shift}{yYHSEuxtQXuT5K9lTrVo_Q}{local}{local[1]}{local=true}, reason: local-disco-initial_connect(master)
文件记录-2019-03-26 19:41:27 [restartedMain] INFO  org.elasticsearch.node - [Red Shift] started
文件记录-2019-03-26 19:41:27 [elasticsearch[Red Shift][clusterService#updateTask][T#1]] INFO  org.elasticsearch.gateway - [Red Shift] recovered [0] indices into cluster_state
文件记录-2019-03-26 19:41:27 [restartedMain] INFO  o.s.b.d.a.OptionalLiveReloadServer - LiveReload server is running on port 35729
文件记录-2019-03-26 19:41:27 [restartedMain] INFO  o.s.j.e.a.AnnotationMBeanExporter - Registering beans for JMX exposure on startup
文件记录-2019-03-26 19:41:27 [restartedMain] INFO  o.a.coyote.http11.Http11NioProtocol - Initializing ProtocolHandler ["http-nio-8080"]
文件记录-2019-03-26 19:41:27 [restartedMain] INFO  o.a.coyote.http11.Http11NioProtocol - Starting ProtocolHandler ["http-nio-8080"]
文件记录-2019-03-26 19:41:27 [restartedMain] INFO  o.a.tomcat.util.net.NioSelectorPool - Using a shared selector for servlet write/read
文件记录-2019-03-26 19:41:27 [restartedMain] INFO  o.s.b.c.e.t.TomcatEmbeddedServletContainer - Tomcat started on port(s): 8080 (http)
文件记录-2019-03-26 19:41:27 [restartedMain] INFO  com.yuyue.Application - Started Application in 13.96 seconds (JVM running for 15.23)
文件记录-2019-03-26 19:41:30 [http-nio-8080-exec-1] INFO  o.a.c.c.C.[.[localhost].[/yuyue] - Initializing Spring FrameworkServlet 'dispatcherServlet'
文件记录-2019-03-26 19:41:30 [http-nio-8080-exec-1] INFO  o.s.web.servlet.DispatcherServlet - FrameworkServlet 'dispatcherServlet': initialization started
文件记录-2019-03-26 19:41:30 [http-nio-8080-exec-1] INFO  o.s.web.servlet.DispatcherServlet - FrameworkServlet 'dispatcherServlet': initialization completed in 47 ms
文件记录-2019-03-26 19:41:31 [http-nio-8080-exec-1] ERROR o.a.c.c.C.[.[.[.[dispatcherServlet] - Servlet.service() for servlet [dispatcherServlet] in context with path [/yuyue] threw exception [Request processing failed; nested exception is java.lang.NullPointerException] with root cause
java.lang.NullPointerException: null
	at com.yuyue.service.BsUserdynamicService.setBookNameAndUserName(BsUserdynamicService.java:76)
	at com.yuyue.service.BsUserdynamicService.setBookNameAndUserName(BsUserdynamicService.java:72)
	at com.yuyue.service.BsUserdynamicService.list(BsUserdynamicService.java:29)
	at com.yuyue.web.ShoalController.listUserdynamic(ShoalController.java:64)
	at sun.reflect.NativeMethodAccessorImpl.invoke0(Native Method)
	at sun.reflect.NativeMethodAccessorImpl.invoke(NativeMethodAccessorImpl.java:62)
	at sun.reflect.DelegatingMethodAccessorImpl.invoke(DelegatingMethodAccessorImpl.java:43)
	at java.lang.reflect.Method.invoke(Method.java:498)
	at org.springframework.web.method.support.InvocableHandlerMethod.doInvoke(InvocableHandlerMethod.java:205)
	at org.springframework.web.method.support.InvocableHandlerMethod.invokeForRequest(InvocableHandlerMethod.java:133)
	at org.springframework.web.servlet.mvc.method.annotation.ServletInvocableHandlerMethod.invokeAndHandle(ServletInvocableHandlerMethod.java:97)
	at org.springframework.web.servlet.mvc.method.annotation.RequestMappingHandlerAdapter.invokeHandlerMethod(RequestMappingHandlerAdapter.java:827)
	at org.springframework.web.servlet.mvc.method.annotation.RequestMappingHandlerAdapter.handleInternal(RequestMappingHandlerAdapter.java:738)
	at org.springframework.web.servlet.mvc.method.AbstractHandlerMethodAdapter.handle(AbstractHandlerMethodAdapter.java:85)
	at org.springframework.web.servlet.DispatcherServlet.doDispatch(DispatcherServlet.java:967)
	at org.springframework.web.servlet.DispatcherServlet.doService(DispatcherServlet.java:901)
	at org.springframework.web.servlet.FrameworkServlet.processRequest(FrameworkServlet.java:970)
	at org.springframework.web.servlet.FrameworkServlet.doGet(FrameworkServlet.java:861)
	at javax.servlet.http.HttpServlet.service(HttpServlet.java:635)
	at org.springframework.web.servlet.FrameworkServlet.service(FrameworkServlet.java:846)
	at javax.servlet.http.HttpServlet.service(HttpServlet.java:742)
	at org.apache.catalina.core.ApplicationFilterChain.internalDoFilter(ApplicationFilterChain.java:231)
	at org.apache.catalina.core.ApplicationFilterChain.doFilter(ApplicationFilterChain.java:166)
	at org.apache.tomcat.websocket.server.WsFilter.doFilter(WsFilter.java:52)
	at org.apache.catalina.core.ApplicationFilterChain.internalDoFilter(ApplicationFilterChain.java:193)
	at org.apache.catalina.core.ApplicationFilterChain.doFilter(ApplicationFilterChain.java:166)
	at org.springframework.web.filter.RequestContextFilter.doFilterInternal(RequestContextFilter.java:99)
	at org.springframework.web.filter.OncePerRequestFilter.doFilter(OncePerRequestFilter.java:107)
	at org.apache.catalina.core.ApplicationFilterChain.internalDoFilter(ApplicationFilterChain.java:193)
	at org.apache.catalina.core.ApplicationFilterChain.doFilter(ApplicationFilterChain.java:166)
	at org.springframework.web.filter.HttpPutFormContentFilter.doFilterInternal(HttpPutFormContentFilter.java:108)
	at org.springframework.web.filter.OncePerRequestFilter.doFilter(OncePerRequestFilter.java:107)
	at org.apache.catalina.core.ApplicationFilterChain.internalDoFilter(ApplicationFilterChain.java:193)
	at org.apache.catalina.core.ApplicationFilterChain.doFilter(ApplicationFilterChain.java:166)
	at org.springframework.web.filter.HiddenHttpMethodFilter.doFilterInternal(HiddenHttpMethodFilter.java:81)
	at org.springframework.web.filter.OncePerRequestFilter.doFilter(OncePerRequestFilter.java:107)
	at org.apache.catalina.core.ApplicationFilterChain.internalDoFilter(ApplicationFilterChain.java:193)
	at org.apache.catalina.core.ApplicationFilterChain.doFilter(ApplicationFilterChain.java:166)
	at org.springframework.web.filter.CharacterEncodingFilter.doFilterInternal(CharacterEncodingFilter.java:197)
	at org.springframework.web.filter.OncePerRequestFilter.doFilter(OncePerRequestFilter.java:107)
	at org.apache.catalina.core.ApplicationFilterChain.internalDoFilter(ApplicationFilterChain.java:193)
	at org.apache.catalina.core.ApplicationFilterChain.doFilter(ApplicationFilterChain.java:166)
	at org.apache.catalina.core.StandardWrapperValve.invoke(StandardWrapperValve.java:199)
	at org.apache.catalina.core.StandardContextValve.invoke(StandardContextValve.java:96)
	at org.apache.catalina.authenticator.AuthenticatorBase.invoke(AuthenticatorBase.java:478)
	at org.apache.catalina.core.StandardHostValve.invoke(StandardHostValve.java:140)
	at org.apache.catalina.valves.ErrorReportValve.invoke(ErrorReportValve.java:81)
	at org.apache.catalina.core.StandardEngineValve.invoke(StandardEngineValve.java:87)
	at org.apache.catalina.connector.CoyoteAdapter.service(CoyoteAdapter.java:342)
	at org.apache.coyote.http11.Http11Processor.service(Http11Processor.java:803)
	at org.apache.coyote.AbstractProcessorLight.process(AbstractProcessorLight.java:66)
	at org.apache.coyote.AbstractProtocol$ConnectionHandler.process(AbstractProtocol.java:868)
	at org.apache.tomcat.util.net.NioEndpoint$SocketProcessor.doRun(NioEndpoint.java:1459)
	at org.apache.tomcat.util.net.SocketProcessorBase.run(SocketProcessorBase.java:49)
	at java.util.concurrent.ThreadPoolExecutor.runWorker(ThreadPoolExecutor.java:1149)
	at java.util.concurrent.ThreadPoolExecutor$Worker.run(ThreadPoolExecutor.java:624)
	at org.apache.tomcat.util.threads.TaskThread$WrappingRunnable.run(TaskThread.java:61)
	at java.lang.Thread.run(Thread.java:748)
文件记录-2019-03-26 19:42:41 [Thread-8] INFO  o.s.b.c.e.AnnotationConfigEmbeddedWebApplicationContext - Closing org.springframework.boot.context.embedded.AnnotationConfigEmbeddedWebApplicationContext@499881aa: startup date [Tue Mar 26 19:41:14 CST 2019]; root of context hierarchy
文件记录-2019-03-26 19:42:41 [Thread-8] INFO  o.s.b.a.d.e.ElasticsearchAutoConfiguration - Closing Elasticsearch client
文件记录-2019-03-26 19:42:41 [Thread-8] INFO  org.elasticsearch.node - [Red Shift] stopping ...
文件记录-2019-03-26 19:42:41 [Thread-8] INFO  org.elasticsearch.node - [Red Shift] stopped
文件记录-2019-03-26 19:42:41 [Thread-8] INFO  org.elasticsearch.node - [Red Shift] closing ...
文件记录-2019-03-26 19:42:41 [Thread-8] INFO  org.elasticsearch.node - [Red Shift] closed
文件记录-2019-03-26 19:42:41 [Thread-8] INFO  o.s.j.e.a.AnnotationMBeanExporter - Unregistering JMX-exposed beans on shutdown
文件记录-2019-03-26 19:42:41 [Thread-8] INFO  o.s.o.j.LocalContainerEntityManagerFactoryBean - Closing JPA EntityManagerFactory for persistence unit 'default'
文件记录-2019-03-26 19:42:42 [restartedMain] INFO  com.yuyue.Application - Starting Application on 惠普暗影精灵 with PID 16324 (E:\eclipse\beyuyue\target\classes started by 吴俭 in E:\eclipse\beyuyue)
文件记录-2019-03-26 19:42:42 [restartedMain] INFO  com.yuyue.Application - No active profile set, falling back to default profiles: default
文件记录-2019-03-26 19:42:42 [restartedMain] INFO  o.s.b.c.e.AnnotationConfigEmbeddedWebApplicationContext - Refreshing org.springframework.boot.context.embedded.AnnotationConfigEmbeddedWebApplicationContext@3adb3c1d: startup date [Tue Mar 26 19:42:42 CST 2019]; root of context hierarchy
文件记录-2019-03-26 19:42:42 [restartedMain] INFO  o.s.d.r.c.RepositoryConfigurationDelegate - Multiple Spring Data modules found, entering strict repository configuration mode!
文件记录-2019-03-26 19:42:42 [restartedMain] INFO  o.s.d.r.c.RepositoryConfigurationExtensionSupport - Spring Data Elasticsearch - Could not safely identify store assignment for repository candidate interface com.yuyue.dao.BsBookcellinfoDAO.
文件记录-2019-03-26 19:42:42 [restartedMain] INFO  o.s.d.r.c.RepositoryConfigurationExtensionSupport - Spring Data Elasticsearch - Could not safely identify store assignment for repository candidate interface com.yuyue.dao.BsBookinfoDAO.
文件记录-2019-03-26 19:42:42 [restartedMain] INFO  o.s.d.r.c.RepositoryConfigurationExtensionSupport - Spring Data Elasticsearch - Could not safely identify store assignment for repository candidate interface com.yuyue.dao.BsBookcolumnDAO.
文件记录-2019-03-26 19:42:42 [restartedMain] INFO  o.s.d.r.c.RepositoryConfigurationExtensionSupport - Spring Data Elasticsearch - Could not safely identify store assignment for repository candidate interface com.yuyue.dao.RsUserdynamiclikeDAO.
文件记录-2019-03-26 19:42:42 [restartedMain] INFO  o.s.d.r.c.RepositoryConfigurationExtensionSupport - Spring Data Elasticsearch - Could not safely identify store assignment for repository candidate interface com.yuyue.dao.BsBookcategoryDAO.
文件记录-2019-03-26 19:42:42 [restartedMain] INFO  o.s.d.r.c.RepositoryConfigurationExtensionSupport - Spring Data Elasticsearch - Could not safely identify store assignment for repository candidate interface com.yuyue.dao.BsVipplanDAO.
文件记录-2019-03-26 19:42:42 [restartedMain] INFO  o.s.d.r.c.RepositoryConfigurationExtensionSupport - Spring Data Elasticsearch - Could not safely identify store assignment for repository candidate interface com.yuyue.dao.BsBooksubjectDAO.
文件记录-2019-03-26 19:42:42 [restartedMain] INFO  o.s.d.r.c.RepositoryConfigurationExtensionSupport - Spring Data Elasticsearch - Could not safely identify store assignment for repository candidate interface com.yuyue.dao.BsInvitecodeDAO.
文件记录-2019-03-26 19:42:42 [restartedMain] INFO  o.s.d.r.c.RepositoryConfigurationExtensionSupport - Spring Data Elasticsearch - Could not safely identify store assignment for repository candidate interface com.yuyue.dao.BsPublishinfoDAO.
文件记录-2019-03-26 19:42:42 [restartedMain] INFO  o.s.d.r.c.RepositoryConfigurationExtensionSupport - Spring Data Elasticsearch - Could not safely identify store assignment for repository candidate interface com.yuyue.dao.BeUserDAO.
文件记录-2019-03-26 19:42:42 [restartedMain] INFO  o.s.d.r.c.RepositoryConfigurationExtensionSupport - Spring Data Elasticsearch - Could not safely identify store assignment for repository candidate interface com.yuyue.dao.BsPictureDAO.
文件记录-2019-03-26 19:42:42 [restartedMain] INFO  o.s.d.r.c.RepositoryConfigurationExtensionSupport - Spring Data Elasticsearch - Could not safely identify store assignment for repository candidate interface com.yuyue.dao.BsBookinstoreDAO.
文件记录-2019-03-26 19:42:42 [restartedMain] INFO  o.s.d.r.c.RepositoryConfigurationExtensionSupport - Spring Data Elasticsearch - Could not safely identify store assignment for repository candidate interface com.yuyue.dao.BeInstitutionDAO.
文件记录-2019-03-26 19:42:42 [restartedMain] INFO  o.s.d.r.c.RepositoryConfigurationExtensionSupport - Spring Data Elasticsearch - Could not safely identify store assignment for repository candidate interface com.yuyue.dao.BeRoleDAO.
文件记录-2019-03-26 19:42:42 [restartedMain] INFO  o.s.d.r.c.RepositoryConfigurationExtensionSupport - Spring Data Elasticsearch - Could not safely identify store assignment for repository candidate interface com.yuyue.dao.RsRolepermissionDAO.
文件记录-2019-03-26 19:42:42 [restartedMain] INFO  o.s.d.r.c.RepositoryConfigurationExtensionSupport - Spring Data Elasticsearch - Could not safely identify store assignment for repository candidate interface com.yuyue.dao.RsUsercreditDAO.
文件记录-2019-03-26 19:42:42 [restartedMain] INFO  o.s.d.r.c.RepositoryConfigurationExtensionSupport - Spring Data Elasticsearch - Could not safely identify store assignment for repository candidate interface com.yuyue.dao.BeSensitiveDAO.
文件记录-2019-03-26 19:42:42 [restartedMain] INFO  o.s.d.r.c.RepositoryConfigurationExtensionSupport - Spring Data Elasticsearch - Could not safely identify store assignment for repository candidate interface com.yuyue.dao.BsIvtuserinfoDAO.
文件记录-2019-03-26 19:42:42 [restartedMain] INFO  o.s.d.r.c.RepositoryConfigurationExtensionSupport - Spring Data Elasticsearch - Could not safely identify store assignment for repository candidate interface com.yuyue.dao.RsBookincolumnDAO.
文件记录-2019-03-26 19:42:42 [restartedMain] INFO  o.s.d.r.c.RepositoryConfigurationExtensionSupport - Spring Data Elasticsearch - Could not safely identify store assignment for repository candidate interface com.yuyue.dao.BsUserdynamicDAO.
文件记录-2019-03-26 19:42:42 [restartedMain] INFO  o.s.d.r.c.RepositoryConfigurationExtensionSupport - Spring Data Elasticsearch - Could not safely identify store assignment for repository candidate interface com.yuyue.dao.RsCurdonaterecordDAO.
文件记录-2019-03-26 19:42:42 [restartedMain] INFO  o.s.d.r.c.RepositoryConfigurationExtensionSupport - Spring Data Elasticsearch - Could not safely identify store assignment for repository candidate interface com.yuyue.dao.RsVipplanorderDAO.
文件记录-2019-03-26 19:42:42 [restartedMain] INFO  o.s.d.r.c.RepositoryConfigurationExtensionSupport - Spring Data Elasticsearch - Could not safely identify store assignment for repository candidate interface com.yuyue.dao.BsBookcaseinfoDAO.
文件记录-2019-03-26 19:42:42 [restartedMain] INFO  o.s.d.r.c.RepositoryConfigurationExtensionSupport - Spring Data Elasticsearch - Could not safely identify store assignment for repository candidate interface com.yuyue.dao.RsBookinsubjectDAO.
文件记录-2019-03-26 19:42:42 [restartedMain] INFO  o.s.d.r.c.RepositoryConfigurationExtensionSupport - Spring Data Elasticsearch - Could not safely identify store assignment for repository candidate interface com.yuyue.dao.RsHisborrowrecordDAO.
文件记录-2019-03-26 19:42:42 [restartedMain] INFO  o.s.d.r.c.RepositoryConfigurationExtensionSupport - Spring Data Elasticsearch - Could not safely identify store assignment for repository candidate interface com.yuyue.dao.BePermissionDAO.
文件记录-2019-03-26 19:42:42 [restartedMain] INFO  o.s.d.r.c.RepositoryConfigurationExtensionSupport - Spring Data Elasticsearch - Could not safely identify store assignment for repository candidate interface com.yuyue.dao.RsCurborrowrecordDAO.
文件记录-2019-03-26 19:42:42 [restartedMain] INFO  o.s.d.r.c.RepositoryConfigurationExtensionSupport - Spring Data Elasticsearch - Could not safely identify store assignment for repository candidate interface com.yuyue.dao.BsFamilyinfoDAO.
文件记录-2019-03-26 19:42:42 [restartedMain] INFO  o.s.d.r.c.RepositoryConfigurationExtensionSupport - Spring Data Elasticsearch - Could not safely identify store assignment for repository candidate interface com.yuyue.dao.BsUserdynamiccmntDAO.
文件记录-2019-03-26 19:42:42 [restartedMain] INFO  o.s.d.r.c.RepositoryConfigurationExtensionSupport - Spring Data Elasticsearch - Could not safely identify store assignment for repository candidate interface com.yuyue.dao.BeDepartmentDAO.
文件记录-2019-03-26 19:42:42 [restartedMain] INFO  o.s.d.r.c.RepositoryConfigurationExtensionSupport - Spring Data Elasticsearch - Could not safely identify store assignment for repository candidate interface com.yuyue.dao.BsUserinfoDAO.
文件记录-2019-03-26 19:42:42 [restartedMain] INFO  o.s.d.r.c.RepositoryConfigurationDelegate - Multiple Spring Data modules found, entering strict repository configuration mode!
文件记录-2019-03-26 19:42:43 [restartedMain] INFO  o.s.d.r.c.RepositoryConfigurationDelegate - Multiple Spring Data modules found, entering strict repository configuration mode!
文件记录-2019-03-26 19:42:43 [restartedMain] INFO  o.s.d.r.c.RepositoryConfigurationExtensionSupport - Spring Data Redis - Could not safely identify store assignment for repository candidate interface com.yuyue.dao.BsBookcellinfoDAO.
文件记录-2019-03-26 19:42:43 [restartedMain] INFO  o.s.d.r.c.RepositoryConfigurationExtensionSupport - Spring Data Redis - Could not safely identify store assignment for repository candidate interface com.yuyue.dao.BsBookinfoDAO.
文件记录-2019-03-26 19:42:43 [restartedMain] INFO  o.s.d.r.c.RepositoryConfigurationExtensionSupport - Spring Data Redis - Could not safely identify store assignment for repository candidate interface com.yuyue.dao.BsBookcolumnDAO.
文件记录-2019-03-26 19:42:43 [restartedMain] INFO  o.s.d.r.c.RepositoryConfigurationExtensionSupport - Spring Data Redis - Could not safely identify store assignment for repository candidate interface com.yuyue.dao.RsUserdynamiclikeDAO.
文件记录-2019-03-26 19:42:43 [restartedMain] INFO  o.s.d.r.c.RepositoryConfigurationExtensionSupport - Spring Data Redis - Could not safely identify store assignment for repository candidate interface com.yuyue.dao.BsBookcategoryDAO.
文件记录-2019-03-26 19:42:43 [restartedMain] INFO  o.s.d.r.c.RepositoryConfigurationExtensionSupport - Spring Data Redis - Could not safely identify store assignment for repository candidate interface com.yuyue.dao.BsVipplanDAO.
文件记录-2019-03-26 19:42:43 [restartedMain] INFO  o.s.d.r.c.RepositoryConfigurationExtensionSupport - Spring Data Redis - Could not safely identify store assignment for repository candidate interface com.yuyue.dao.BsBooksubjectDAO.
文件记录-2019-03-26 19:42:43 [restartedMain] INFO  o.s.d.r.c.RepositoryConfigurationExtensionSupport - Spring Data Redis - Could not safely identify store assignment for repository candidate interface com.yuyue.dao.BsInvitecodeDAO.
文件记录-2019-03-26 19:42:43 [restartedMain] INFO  o.s.d.r.c.RepositoryConfigurationExtensionSupport - Spring Data Redis - Could not safely identify store assignment for repository candidate interface com.yuyue.dao.BsPublishinfoDAO.
文件记录-2019-03-26 19:42:43 [restartedMain] INFO  o.s.d.r.c.RepositoryConfigurationExtensionSupport - Spring Data Redis - Could not safely identify store assignment for repository candidate interface com.yuyue.dao.BeUserDAO.
文件记录-2019-03-26 19:42:43 [restartedMain] INFO  o.s.d.r.c.RepositoryConfigurationExtensionSupport - Spring Data Redis - Could not safely identify store assignment for repository candidate interface com.yuyue.dao.BsPictureDAO.
文件记录-2019-03-26 19:42:43 [restartedMain] INFO  o.s.d.r.c.RepositoryConfigurationExtensionSupport - Spring Data Redis - Could not safely identify store assignment for repository candidate interface com.yuyue.dao.BsBookinstoreDAO.
文件记录-2019-03-26 19:42:43 [restartedMain] INFO  o.s.d.r.c.RepositoryConfigurationExtensionSupport - Spring Data Redis - Could not safely identify store assignment for repository candidate interface com.yuyue.dao.BeInstitutionDAO.
文件记录-2019-03-26 19:42:43 [restartedMain] INFO  o.s.d.r.c.RepositoryConfigurationExtensionSupport - Spring Data Redis - Could not safely identify store assignment for repository candidate interface com.yuyue.dao.BeRoleDAO.
文件记录-2019-03-26 19:42:43 [restartedMain] INFO  o.s.d.r.c.RepositoryConfigurationExtensionSupport - Spring Data Redis - Could not safely identify store assignment for repository candidate interface com.yuyue.dao.RsRolepermissionDAO.
文件记录-2019-03-26 19:42:43 [restartedMain] INFO  o.s.d.r.c.RepositoryConfigurationExtensionSupport - Spring Data Redis - Could not safely identify store assignment for repository candidate interface com.yuyue.dao.RsUsercreditDAO.
文件记录-2019-03-26 19:42:43 [restartedMain] INFO  o.s.d.r.c.RepositoryConfigurationExtensionSupport - Spring Data Redis - Could not safely identify store assignment for repository candidate interface com.yuyue.dao.BeSensitiveDAO.
文件记录-2019-03-26 19:42:43 [restartedMain] INFO  o.s.d.r.c.RepositoryConfigurationExtensionSupport - Spring Data Redis - Could not safely identify store assignment for repository candidate interface com.yuyue.dao.BsIvtuserinfoDAO.
文件记录-2019-03-26 19:42:43 [restartedMain] INFO  o.s.d.r.c.RepositoryConfigurationExtensionSupport - Spring Data Redis - Could not safely identify store assignment for repository candidate interface com.yuyue.dao.RsBookincolumnDAO.
文件记录-2019-03-26 19:42:43 [restartedMain] INFO  o.s.d.r.c.RepositoryConfigurationExtensionSupport - Spring Data Redis - Could not safely identify store assignment for repository candidate interface com.yuyue.dao.BsUserdynamicDAO.
文件记录-2019-03-26 19:42:43 [restartedMain] INFO  o.s.d.r.c.RepositoryConfigurationExtensionSupport - Spring Data Redis - Could not safely identify store assignment for repository candidate interface com.yuyue.dao.RsCurdonaterecordDAO.
文件记录-2019-03-26 19:42:43 [restartedMain] INFO  o.s.d.r.c.RepositoryConfigurationExtensionSupport - Spring Data Redis - Could not safely identify store assignment for repository candidate interface com.yuyue.dao.RsVipplanorderDAO.
文件记录-2019-03-26 19:42:43 [restartedMain] INFO  o.s.d.r.c.RepositoryConfigurationExtensionSupport - Spring Data Redis - Could not safely identify store assignment for repository candidate interface com.yuyue.dao.BsBookcaseinfoDAO.
文件记录-2019-03-26 19:42:43 [restartedMain] INFO  o.s.d.r.c.RepositoryConfigurationExtensionSupport - Spring Data Redis - Could not safely identify store assignment for repository candidate interface com.yuyue.dao.RsBookinsubjectDAO.
文件记录-2019-03-26 19:42:43 [restartedMain] INFO  o.s.d.r.c.RepositoryConfigurationExtensionSupport - Spring Data Redis - Could not safely identify store assignment for repository candidate interface com.yuyue.dao.RsHisborrowrecordDAO.
文件记录-2019-03-26 19:42:43 [restartedMain] INFO  o.s.d.r.c.RepositoryConfigurationExtensionSupport - Spring Data Redis - Could not safely identify store assignment for repository candidate interface com.yuyue.dao.BePermissionDAO.
文件记录-2019-03-26 19:42:43 [restartedMain] INFO  o.s.d.r.c.RepositoryConfigurationExtensionSupport - Spring Data Redis - Could not safely identify store assignment for repository candidate interface com.yuyue.dao.RsCurborrowrecordDAO.
文件记录-2019-03-26 19:42:43 [restartedMain] INFO  o.s.d.r.c.RepositoryConfigurationExtensionSupport - Spring Data Redis - Could not safely identify store assignment for repository candidate interface com.yuyue.dao.BsFamilyinfoDAO.
文件记录-2019-03-26 19:42:43 [restartedMain] INFO  o.s.d.r.c.RepositoryConfigurationExtensionSupport - Spring Data Redis - Could not safely identify store assignment for repository candidate interface com.yuyue.dao.BsUserdynamiccmntDAO.
文件记录-2019-03-26 19:42:43 [restartedMain] INFO  o.s.d.r.c.RepositoryConfigurationExtensionSupport - Spring Data Redis - Could not safely identify store assignment for repository candidate interface com.yuyue.dao.BeDepartmentDAO.
文件记录-2019-03-26 19:42:43 [restartedMain] INFO  o.s.d.r.c.RepositoryConfigurationExtensionSupport - Spring Data Redis - Could not safely identify store assignment for repository candidate interface com.yuyue.dao.BsUserinfoDAO.
文件记录-2019-03-26 19:42:43 [restartedMain] INFO  o.s.b.c.e.t.TomcatEmbeddedServletContainer - Tomcat initialized with port(s): 8080 (http)
文件记录-2019-03-26 19:42:43 [restartedMain] INFO  o.a.catalina.core.StandardService - Starting service [Tomcat]
文件记录-2019-03-26 19:42:43 [restartedMain] INFO  o.a.catalina.core.StandardEngine - Starting Servlet Engine: Apache Tomcat/8.5.23
文件记录-2019-03-26 19:42:43 [localhost-startStop-1] INFO  org.apache.jasper.servlet.TldScanner - At least one JAR was scanned for TLDs yet contained no TLDs. Enable debug logging for this logger for a complete list of JARs that were scanned but no TLDs were found in them. Skipping unneeded JARs during scanning can improve startup time and JSP compilation time.
文件记录-2019-03-26 19:42:43 [localhost-startStop-1] INFO  o.a.c.c.C.[.[localhost].[/yuyue] - Initializing Spring embedded WebApplicationContext
文件记录-2019-03-26 19:42:43 [localhost-startStop-1] INFO  o.s.web.context.ContextLoader - Root WebApplicationContext: initialization completed in 1010 ms
文件记录-2019-03-26 19:42:43 [localhost-startStop-1] INFO  o.s.b.w.s.ServletRegistrationBean - Mapping servlet: 'dispatcherServlet' to [/]
文件记录-2019-03-26 19:42:43 [localhost-startStop-1] INFO  o.s.b.w.s.FilterRegistrationBean - Mapping filter: 'characterEncodingFilter' to: [/*]
文件记录-2019-03-26 19:42:43 [localhost-startStop-1] INFO  o.s.b.w.s.FilterRegistrationBean - Mapping filter: 'hiddenHttpMethodFilter' to: [/*]
文件记录-2019-03-26 19:42:43 [localhost-startStop-1] INFO  o.s.b.w.s.FilterRegistrationBean - Mapping filter: 'httpPutFormContentFilter' to: [/*]
文件记录-2019-03-26 19:42:43 [localhost-startStop-1] INFO  o.s.b.w.s.FilterRegistrationBean - Mapping filter: 'requestContextFilter' to: [/*]
文件记录-2019-03-26 19:42:43 [restartedMain] INFO  o.s.o.j.LocalContainerEntityManagerFactoryBean - Building JPA container EntityManagerFactory for persistence unit 'default'
文件记录-2019-03-26 19:42:43 [restartedMain] INFO  o.h.jpa.internal.util.LogHelper - HHH000204: Processing PersistenceUnitInfo [
	name: default
	...]
文件记录-2019-03-26 19:42:43 [restartedMain] INFO  org.hibernate.dialect.Dialect - HHH000400: Using dialect: org.hibernate.dialect.MySQL5Dialect
文件记录-2019-03-26 19:42:43 [restartedMain] INFO  o.h.h.i.QueryTranslatorFactoryInitiator - HHH000397: Using ASTQueryTranslatorFactory
文件记录-2019-03-26 19:42:43 [restartedMain] INFO  o.s.o.j.LocalContainerEntityManagerFactoryBean - Initialized JPA EntityManagerFactory for persistence unit 'default'
文件记录-2019-03-26 19:42:44 [restartedMain] INFO  o.s.w.s.m.m.a.RequestMappingHandlerAdapter - Looking for @ControllerAdvice: org.springframework.boot.context.embedded.AnnotationConfigEmbeddedWebApplicationContext@3adb3c1d: startup date [Tue Mar 26 19:42:42 CST 2019]; root of context hierarchy
文件记录-2019-03-26 19:42:44 [restartedMain] INFO  o.s.w.s.m.m.a.RequestMappingHandlerMapping - Mapped "{[/updatePublishinfo],methods=[POST],consumes=[application/json]}" onto public java.lang.Object com.yuyue.web.BookController.updatePublishinfo(com.yuyue.pojo.BsPublishinfo) throws java.io.IOException
文件记录-2019-03-26 19:42:44 [restartedMain] INFO  o.s.w.s.m.m.a.RequestMappingHandlerMapping - Mapped "{[/deletePublishinfo]}" onto public java.lang.Object com.yuyue.web.BookController.deletePublishinfo(int)
文件记录-2019-03-26 19:42:44 [restartedMain] INFO  o.s.w.s.m.m.a.RequestMappingHandlerMapping - Mapped "{[/listBookinstore]}" onto public com.yuyue.util.Page4Navigator<com.yuyue.pojo.BsBookinstore> com.yuyue.web.BookController.listBsBookinstore(int,int,java.lang.String)
文件记录-2019-03-26 19:42:44 [restartedMain] INFO  o.s.w.s.m.m.a.RequestMappingHandlerMapping - Mapped "{[/addBookinfo],methods=[POST]}" onto public java.lang.Object com.yuyue.web.BookController.addBookinfo(com.yuyue.pojo.BsBookinfo) throws java.io.IOException
文件记录-2019-03-26 19:42:44 [restartedMain] INFO  o.s.w.s.m.m.a.RequestMappingHandlerMapping - Mapped "{[/getPublishinfo]}" onto public java.lang.Object com.yuyue.web.BookController.getPublishinfo(int)
文件记录-2019-03-26 19:42:44 [restartedMain] INFO  o.s.w.s.m.m.a.RequestMappingHandlerMapping - Mapped "{[/getBookinfo]}" onto public java.lang.Object com.yuyue.web.BookController.getBookinfo(int)
文件记录-2019-03-26 19:42:44 [restartedMain] INFO  o.s.w.s.m.m.a.RequestMappingHandlerMapping - Mapped "{[/updateBookinfo],methods=[POST],consumes=[application/json]}" onto public java.lang.Object com.yuyue.web.BookController.updateBookinfo(com.yuyue.pojo.BsBookinfo) throws java.io.IOException
文件记录-2019-03-26 19:42:44 [restartedMain] INFO  o.s.w.s.m.m.a.RequestMappingHandlerMapping - Mapped "{[/listBookinfo]}" onto public com.yuyue.util.Page4Navigator<com.yuyue.pojo.BsBookinfo> com.yuyue.web.BookController.listBookinfos(int,int,java.lang.String)
文件记录-2019-03-26 19:42:44 [restartedMain] INFO  o.s.w.s.m.m.a.RequestMappingHandlerMapping - Mapped "{[/listPublishinfo]}" onto public com.yuyue.util.Page4Navigator<com.yuyue.pojo.BsPublishinfo> com.yuyue.web.BookController.listPublishinfo(int,int,java.lang.String)
文件记录-2019-03-26 19:42:44 [restartedMain] INFO  o.s.w.s.m.m.a.RequestMappingHandlerMapping - Mapped "{[/addPublishinfo],methods=[POST],consumes=[application/json]}" onto public java.lang.Object com.yuyue.web.BookController.addPublishinfo(com.yuyue.pojo.BsPublishinfo) throws java.io.IOException
文件记录-2019-03-26 19:42:44 [restartedMain] INFO  o.s.w.s.m.m.a.RequestMappingHandlerMapping - Mapped "{[/listCurdonaterecord]}" onto public com.yuyue.util.Page4Navigator<com.yuyue.pojo.RsCurdonaterecord> com.yuyue.web.OrderController.listCurdonaterecord(int,int)
文件记录-2019-03-26 19:42:44 [restartedMain] INFO  o.s.w.s.m.m.a.RequestMappingHandlerMapping - Mapped "{[/listHisborrowrecord]}" onto public com.yuyue.util.Page4Navigator<com.yuyue.pojo.RsHisborrowrecord> com.yuyue.web.OrderController.listHisborrowrecord(int,int)
文件记录-2019-03-26 19:42:44 [restartedMain] INFO  o.s.w.s.m.m.a.RequestMappingHandlerMapping - Mapped "{[/listCurborrowrecord]}" onto public com.yuyue.util.Page4Navigator<com.yuyue.pojo.RsCurborrowrecord> com.yuyue.web.OrderController.listCurborrowrecord(int,int)
文件记录-2019-03-26 19:42:44 [restartedMain] INFO  o.s.w.s.m.m.a.RequestMappingHandlerMapping - Mapped "{[/list]}" onto public java.util.List<com.yuyue.pojo.BeRole> com.yuyue.web.OverallController.list()
文件记录-2019-03-26 19:42:44 [restartedMain] INFO  o.s.w.s.m.m.a.RequestMappingHandlerMapping - Mapped "{[/home]}" onto public java.lang.Object com.yuyue.web.OverallController.home()
文件记录-2019-03-26 19:42:44 [restartedMain] INFO  o.s.w.s.m.m.a.RequestMappingHandlerMapping - Mapped "{[/getUserPermission]}" onto public java.lang.Object com.yuyue.web.OverallController.getUserPermission(javax.servlet.http.HttpSession)
文件记录-2019-03-26 19:42:44 [restartedMain] INFO  o.s.w.s.m.m.a.RequestMappingHandlerMapping - Mapped "{[/login],consumes=[application/json]}" onto public java.lang.Object com.yuyue.web.OverallController.login(com.yuyue.pojo.BeUser,javax.servlet.http.HttpSession) throws java.io.IOException
文件记录-2019-03-26 19:42:44 [restartedMain] INFO  o.s.w.s.m.m.a.RequestMappingHandlerMapping - Mapped "{[/changePassword],methods=[POST],consumes=[application/json]}" onto public java.lang.Object com.yuyue.web.OverallController.changePassword(java.lang.String,java.lang.String,javax.servlet.http.HttpSession) throws java.io.IOException
文件记录-2019-03-26 19:42:44 [restartedMain] INFO  o.s.w.s.m.m.a.RequestMappingHandlerMapping - Mapped "{[/deleteUserdynamic]}" onto public java.lang.Object com.yuyue.web.ShoalController.deleteUserdynamic(int)
文件记录-2019-03-26 19:42:44 [restartedMain] INFO  o.s.w.s.m.m.a.RequestMappingHandlerMapping - Mapped "{[/listUserdynamiccmnt]}" onto public java.util.List<com.yuyue.pojo.BsUserdynamiccmnt> com.yuyue.web.ShoalController.listUserdynamiccmntService()
文件记录-2019-03-26 19:42:44 [restartedMain] INFO  o.s.w.s.m.m.a.RequestMappingHandlerMapping - Mapped "{[/deleteSensitive]}" onto public java.lang.Object com.yuyue.web.ShoalController.deleteSensitive(int)
文件记录-2019-03-26 19:42:44 [restartedMain] INFO  o.s.w.s.m.m.a.RequestMappingHandlerMapping - Mapped "{[/addSensitive],methods=[POST]}" onto public java.lang.Object com.yuyue.web.ShoalController.addSensitive(com.yuyue.pojo.BeSensitive) throws java.io.IOException
文件记录-2019-03-26 19:42:44 [restartedMain] INFO  o.s.w.s.m.m.a.RequestMappingHandlerMapping - Mapped "{[/listSensitive]}" onto public java.util.List<com.yuyue.pojo.BeSensitive> com.yuyue.web.ShoalController.listSensitive()
文件记录-2019-03-26 19:42:44 [restartedMain] INFO  o.s.w.s.m.m.a.RequestMappingHandlerMapping - Mapped "{[/listUserdynamic]}" onto public com.yuyue.util.Page4Navigator<com.yuyue.pojo.BsUserdynamic> com.yuyue.web.ShoalController.listUserdynamic(int,int,java.lang.String)
文件记录-2019-03-26 19:42:44 [restartedMain] INFO  o.s.w.s.m.m.a.RequestMappingHandlerMapping - Mapped "{[/listUserinfo]}" onto public java.util.List<com.yuyue.pojo.BsUserinfo> com.yuyue.web.ShoalController.listUser()
文件记录-2019-03-26 19:42:44 [restartedMain] INFO  o.s.w.s.m.m.a.RequestMappingHandlerMapping - Mapped "{[/getPermission]}" onto public java.lang.Object com.yuyue.web.SystemController.getPermission(java.lang.String)
文件记录-2019-03-26 19:42:44 [restartedMain] INFO  o.s.w.s.m.m.a.RequestMappingHandlerMapping - Mapped "{[/listRolePermission]}" onto public java.util.List<com.yuyue.pojo.RsRolepermission> com.yuyue.web.SystemController.listRolePermission()
文件记录-2019-03-26 19:42:44 [restartedMain] INFO  o.s.w.s.m.m.a.RequestMappingHandlerMapping - Mapped "{[/listInstitution]}" onto public java.util.List<com.yuyue.pojo.BeInstitution> com.yuyue.web.SystemController.listInstitution()
文件记录-2019-03-26 19:42:44 [restartedMain] INFO  o.s.w.s.m.m.a.RequestMappingHandlerMapping - Mapped "{[/listPermission]}" onto public java.util.List<com.yuyue.pojo.BePermission> com.yuyue.web.SystemController.listPermission()
文件记录-2019-03-26 19:42:44 [restartedMain] INFO  o.s.w.s.m.m.a.RequestMappingHandlerMapping - Mapped "{[/listUser]}" onto public java.util.List<com.yuyue.pojo.BeUser> com.yuyue.web.SystemController.listUser()
文件记录-2019-03-26 19:42:44 [restartedMain] INFO  o.s.w.s.m.m.a.RequestMappingHandlerMapping - Mapped "{[/test]}" onto public java.lang.String com.yuyue.web.testController.test(javax.servlet.http.HttpSession)
文件记录-2019-03-26 19:42:44 [restartedMain] INFO  o.s.w.s.m.m.a.RequestMappingHandlerMapping - Mapped "{[/listBeUser]}" onto public java.util.List<com.yuyue.pojo.BeUser> com.yuyue.web.testController.listUser()
文件记录-2019-03-26 19:42:44 [restartedMain] INFO  o.s.w.s.m.m.a.RequestMappingHandlerMapping - Mapped "{[/listVipplanorderByStatus]}" onto public com.yuyue.util.Page4Navigator<com.yuyue.pojo.RsVipplanorder> com.yuyue.web.VipController.listVipplanorderByStatus(byte,int,int)
文件记录-2019-03-26 19:42:44 [restartedMain] INFO  o.s.w.s.m.m.a.RequestMappingHandlerMapping - Mapped "{[/listInvitecode]}" onto public com.yuyue.util.Page4Navigator<com.yuyue.pojo.BsInvitecode> com.yuyue.web.VipController.listInvitecode(int,int)
文件记录-2019-03-26 19:42:44 [restartedMain] INFO  o.s.w.s.m.m.a.RequestMappingHandlerMapping - Mapped "{[/listVipplanorder]}" onto public com.yuyue.util.Page4Navigator<com.yuyue.pojo.RsVipplanorder> com.yuyue.web.VipController.listVipplanorder(int,int)
文件记录-2019-03-26 19:42:44 [restartedMain] INFO  o.s.w.s.m.m.a.RequestMappingHandlerMapping - Mapped "{[/listUsercredit]}" onto public com.yuyue.util.Page4Navigator<com.yuyue.pojo.RsUsercredit> com.yuyue.web.VipController.listUsercredit(int,int)
文件记录-2019-03-26 19:42:44 [restartedMain] INFO  o.s.w.s.m.m.a.RequestMappingHandlerMapping - Mapped "{[/listBookcaseinfo]}" onto public com.yuyue.util.Page4Navigator<com.yuyue.pojo.BsBookcaseinfo> com.yuyue.web.WarehouseController.listBookcaseinfo(int,int)
文件记录-2019-03-26 19:42:44 [restartedMain] INFO  o.s.w.s.m.m.a.RequestMappingHandlerMapping - Mapped "{[/deletebookinsubject]}" onto public java.lang.Object com.yuyue.web.WebsiteController.deleteBookinsubject(int) throws java.io.IOException
文件记录-2019-03-26 19:42:44 [restartedMain] INFO  o.s.w.s.m.m.a.RequestMappingHandlerMapping - Mapped "{[/addsubject],methods=[POST],consumes=[application/json]}" onto public java.lang.Object com.yuyue.web.WebsiteController.addSubject(com.yuyue.pojo.BsBooksubject) throws java.io.IOException
文件记录-2019-03-26 19:42:44 [restartedMain] INFO  o.s.w.s.m.m.a.RequestMappingHandlerMapping - Mapped "{[/updatesubject],consumes=[application/json]}" onto public java.lang.Object com.yuyue.web.WebsiteController.updateSubject(com.yuyue.pojo.BsBooksubject) throws java.io.IOException
文件记录-2019-03-26 19:42:44 [restartedMain] INFO  o.s.w.s.m.m.a.RequestMappingHandlerMapping - Mapped "{[/deletesubject]}" onto public java.lang.Object com.yuyue.web.WebsiteController.deleteSubject(int)
文件记录-2019-03-26 19:42:44 [restartedMain] INFO  o.s.w.s.m.m.a.RequestMappingHandlerMapping - Mapped "{[/addbookinsubject]}" onto public java.lang.Object com.yuyue.web.WebsiteController.addBookinsubject(com.yuyue.pojo.RsBookinsubject)
文件记录-2019-03-26 19:42:44 [restartedMain] INFO  o.s.w.s.m.m.a.RequestMappingHandlerMapping - Mapped "{[/listBookcategory]}" onto public java.lang.Object com.yuyue.web.WebsiteController.listBookcategory()
文件记录-2019-03-26 19:42:44 [restartedMain] INFO  o.s.w.s.m.m.a.RequestMappingHandlerMapping - Mapped "{[/listPicture]}" onto public com.yuyue.util.Page4Navigator<com.yuyue.pojo.BsPicture> com.yuyue.web.WebsiteController.listPicture(int,int)
文件记录-2019-03-26 19:42:44 [restartedMain] INFO  o.s.w.s.m.m.a.RequestMappingHandlerMapping - Mapped "{[/getBooks]}" onto public java.lang.Object com.yuyue.web.WebsiteController.getBooks(com.yuyue.pojo.BsBooksubject)
文件记录-2019-03-26 19:42:44 [restartedMain] INFO  o.s.w.s.m.m.a.RequestMappingHandlerMapping - Mapped "{[/subject]}" onto public com.yuyue.util.Page4Navigator<com.yuyue.pojo.BsBooksubject> com.yuyue.web.WebsiteController.subject(int,int)
文件记录-2019-03-26 19:42:44 [restartedMain] INFO  o.s.w.s.m.m.a.RequestMappingHandlerMapping - Mapped "{[/error]}" onto public org.springframework.http.ResponseEntity<java.util.Map<java.lang.String, java.lang.Object>> org.springframework.boot.autoconfigure.web.BasicErrorController.error(javax.servlet.http.HttpServletRequest)
文件记录-2019-03-26 19:42:44 [restartedMain] INFO  o.s.w.s.m.m.a.RequestMappingHandlerMapping - Mapped "{[/error],produces=[text/html]}" onto public org.springframework.web.servlet.ModelAndView org.springframework.boot.autoconfigure.web.BasicErrorController.errorHtml(javax.servlet.http.HttpServletRequest,javax.servlet.http.HttpServletResponse)
文件记录-2019-03-26 19:42:44 [restartedMain] INFO  o.s.w.s.h.SimpleUrlHandlerMapping - Mapped URL path [/webjars/**] onto handler of type [class org.springframework.web.servlet.resource.ResourceHttpRequestHandler]
文件记录-2019-03-26 19:42:44 [restartedMain] INFO  o.s.w.s.h.SimpleUrlHandlerMapping - Mapped URL path [/**] onto handler of type [class org.springframework.web.servlet.resource.ResourceHttpRequestHandler]
文件记录-2019-03-26 19:42:44 [restartedMain] INFO  o.s.w.s.h.SimpleUrlHandlerMapping - Mapped URL path [/**/favicon.ico] onto handler of type [class org.springframework.web.servlet.resource.ResourceHttpRequestHandler]
文件记录-2019-03-26 19:42:44 [restartedMain] WARN  o.s.b.a.t.AbstractTemplateResolverConfiguration - Cannot find template location: classpath:/templates/ (please add some templates or check your Thymeleaf configuration)
文件记录-2019-03-26 19:42:44 [restartedMain] INFO  org.elasticsearch.node - [Blitzkrieger] version[2.4.6], pid[16324], build[5376dca/2017-07-18T12:17:44Z]
文件记录-2019-03-26 19:42:44 [restartedMain] INFO  org.elasticsearch.node - [Blitzkrieger] initializing ...
文件记录-2019-03-26 19:42:44 [restartedMain] INFO  org.elasticsearch.plugins - [Blitzkrieger] modules [], plugins [], sites []
文件记录-2019-03-26 19:42:44 [restartedMain] INFO  org.elasticsearch.env - [Blitzkrieger] using [1] data paths, mounts [[(E:)]], net usable_space [227gb], net total_space [299.9gb], spins? [unknown], types [NTFS]
文件记录-2019-03-26 19:42:44 [restartedMain] INFO  org.elasticsearch.env - [Blitzkrieger] heap size [1.7gb], compressed ordinary object pointers [true]
文件记录-2019-03-26 19:42:44 [restartedMain] INFO  org.elasticsearch.node - [Blitzkrieger] initialized
文件记录-2019-03-26 19:42:44 [restartedMain] INFO  org.elasticsearch.node - [Blitzkrieger] starting ...
文件记录-2019-03-26 19:42:44 [restartedMain] INFO  org.elasticsearch.transport - [Blitzkrieger] publish_address {local[2]}, bound_addresses {local[2]}
文件记录-2019-03-26 19:42:44 [restartedMain] INFO  org.elasticsearch.discovery - [Blitzkrieger] elasticsearch/guSFoEp6RHyVYqlgtIlmfA
文件记录-2019-03-26 19:42:44 [elasticsearch[Blitzkrieger][clusterService#updateTask][T#1]] INFO  org.elasticsearch.cluster.service - [Blitzkrieger] new_master {Blitzkrieger}{guSFoEp6RHyVYqlgtIlmfA}{local}{local[2]}{local=true}, reason: local-disco-initial_connect(master)
文件记录-2019-03-26 19:42:44 [restartedMain] INFO  org.elasticsearch.node - [Blitzkrieger] started
文件记录-2019-03-26 19:42:44 [elasticsearch[Blitzkrieger][clusterService#updateTask][T#1]] INFO  org.elasticsearch.gateway - [Blitzkrieger] recovered [0] indices into cluster_state
文件记录-2019-03-26 19:42:44 [restartedMain] INFO  o.s.b.d.a.OptionalLiveReloadServer - LiveReload server is running on port 35729
文件记录-2019-03-26 19:42:44 [restartedMain] INFO  o.s.j.e.a.AnnotationMBeanExporter - Registering beans for JMX exposure on startup
文件记录-2019-03-26 19:42:44 [restartedMain] INFO  o.a.coyote.http11.Http11NioProtocol - Initializing ProtocolHandler ["http-nio-8080"]
文件记录-2019-03-26 19:42:44 [restartedMain] INFO  o.a.coyote.http11.Http11NioProtocol - Starting ProtocolHandler ["http-nio-8080"]
文件记录-2019-03-26 19:42:44 [restartedMain] INFO  o.a.tomcat.util.net.NioSelectorPool - Using a shared selector for servlet write/read
文件记录-2019-03-26 19:42:44 [restartedMain] INFO  o.s.b.c.e.t.TomcatEmbeddedServletContainer - Tomcat started on port(s): 8080 (http)
文件记录-2019-03-26 19:42:44 [restartedMain] INFO  com.yuyue.Application - Started Application in 2.334 seconds (JVM running for 92.15)
文件记录-2019-03-26 19:42:49 [http-nio-8080-exec-1] INFO  o.a.c.c.C.[.[localhost].[/yuyue] - Initializing Spring FrameworkServlet 'dispatcherServlet'
文件记录-2019-03-26 19:42:49 [http-nio-8080-exec-1] INFO  o.s.web.servlet.DispatcherServlet - FrameworkServlet 'dispatcherServlet': initialization started
文件记录-2019-03-26 19:42:49 [http-nio-8080-exec-1] INFO  o.s.web.servlet.DispatcherServlet - FrameworkServlet 'dispatcherServlet': initialization completed in 4 ms
文件记录-2019-03-26 20:19:29 [RMI TCP Connection(2)-127.0.0.1] INFO  o.s.b.a.SpringApplicationAdminMXBeanRegistrar$SpringApplicationAdmin - Application shutdown requested.
文件记录-2019-03-26 20:19:29 [RMI TCP Connection(2)-127.0.0.1] INFO  o.s.b.c.e.AnnotationConfigEmbeddedWebApplicationContext - Closing org.springframework.boot.context.embedded.AnnotationConfigEmbeddedWebApplicationContext@3adb3c1d: startup date [Tue Mar 26 19:42:42 CST 2019]; root of context hierarchy
文件记录-2019-03-26 20:19:29 [RMI TCP Connection(2)-127.0.0.1] INFO  o.s.b.a.d.e.ElasticsearchAutoConfiguration - Closing Elasticsearch client
文件记录-2019-03-26 20:19:29 [RMI TCP Connection(2)-127.0.0.1] INFO  org.elasticsearch.node - [Blitzkrieger] stopping ...
文件记录-2019-03-26 20:19:29 [RMI TCP Connection(2)-127.0.0.1] INFO  org.elasticsearch.node - [Blitzkrieger] stopped
文件记录-2019-03-26 20:19:29 [RMI TCP Connection(2)-127.0.0.1] INFO  org.elasticsearch.node - [Blitzkrieger] closing ...
文件记录-2019-03-26 20:19:29 [RMI TCP Connection(2)-127.0.0.1] INFO  org.elasticsearch.node - [Blitzkrieger] closed
文件记录-2019-03-26 20:19:29 [RMI TCP Connection(2)-127.0.0.1] INFO  o.s.j.e.a.AnnotationMBeanExporter - Unregistering JMX-exposed beans on shutdown
文件记录-2019-03-26 20:19:29 [RMI TCP Connection(2)-127.0.0.1] INFO  o.s.o.j.LocalContainerEntityManagerFactoryBean - Closing JPA EntityManagerFactory for persistence unit 'default'
