2019-03-20 19:58:21.297  INFO 22584 --- [restartedMain] com.yuyue.Application                    : Starting Application on 惠普暗影精灵 with PID 22584 (E:\eclipse\beyuyue\target\classes started by 吴俭 in E:\eclipse\beyuyue)
2019-03-20 19:58:21.298  INFO 22584 --- [restartedMain] com.yuyue.Application                    : No active profile set, falling back to default profiles: default
2019-03-20 19:58:21.688  INFO 22584 --- [restartedMain] ationConfigEmbeddedWebApplicationContext : Refreshing org.springframework.boot.context.embedded.AnnotationConfigEmbeddedWebApplicationContext@502c7ddf: startup date [Wed Mar 20 19:58:21 CST 2019]; root of context hierarchy
2019-03-20 19:58:22.914  INFO 22584 --- [restartedMain] .s.d.r.c.RepositoryConfigurationDelegate : Multiple Spring Data modules found, entering strict repository configuration mode!
2019-03-20 19:58:22.993  INFO 22584 --- [restartedMain] .RepositoryConfigurationExtensionSupport : Spring Data Elasticsearch - Could not safely identify store assignment for repository candidate interface com.yuyue.dao.BsBookcellinfoDAO.
2019-03-20 19:58:23.004  INFO 22584 --- [restartedMain] .RepositoryConfigurationExtensionSupport : Spring Data Elasticsearch - Could not safely identify store assignment for repository candidate interface com.yuyue.dao.BsBookinfoDAO.
2019-03-20 19:58:23.006  INFO 22584 --- [restartedMain] .RepositoryConfigurationExtensionSupport : Spring Data Elasticsearch - Could not safely identify store assignment for repository candidate interface com.yuyue.dao.BsBookcolumnDAO.
2019-03-20 19:58:23.007  INFO 22584 --- [restartedMain] .RepositoryConfigurationExtensionSupport : Spring Data Elasticsearch - Could not safely identify store assignment for repository candidate interface com.yuyue.dao.RsUserdynamiclikeDAO.
2019-03-20 19:58:23.008  INFO 22584 --- [restartedMain] .RepositoryConfigurationExtensionSupport : Spring Data Elasticsearch - Could not safely identify store assignment for repository candidate interface com.yuyue.dao.BsBookcategoryDAO.
2019-03-20 19:58:23.010  INFO 22584 --- [restartedMain] .RepositoryConfigurationExtensionSupport : Spring Data Elasticsearch - Could not safely identify store assignment for repository candidate interface com.yuyue.dao.BsVipplanDAO.
2019-03-20 19:58:23.011  INFO 22584 --- [restartedMain] .RepositoryConfigurationExtensionSupport : Spring Data Elasticsearch - Could not safely identify store assignment for repository candidate interface com.yuyue.dao.BsBooksubjectDAO.
2019-03-20 19:58:23.012  INFO 22584 --- [restartedMain] .RepositoryConfigurationExtensionSupport : Spring Data Elasticsearch - Could not safely identify store assignment for repository candidate interface com.yuyue.dao.BsInvitecodeDAO.
2019-03-20 19:58:23.013  INFO 22584 --- [restartedMain] .RepositoryConfigurationExtensionSupport : Spring Data Elasticsearch - Could not safely identify store assignment for repository candidate interface com.yuyue.dao.BsPublishinfoDAO.
2019-03-20 19:58:23.015  INFO 22584 --- [restartedMain] .RepositoryConfigurationExtensionSupport : Spring Data Elasticsearch - Could not safely identify store assignment for repository candidate interface com.yuyue.dao.BeUserDAO.
2019-03-20 19:58:23.016  INFO 22584 --- [restartedMain] .RepositoryConfigurationExtensionSupport : Spring Data Elasticsearch - Could not safely identify store assignment for repository candidate interface com.yuyue.dao.BsBookinstoreDAO.
2019-03-20 19:58:23.018  INFO 22584 --- [restartedMain] .RepositoryConfigurationExtensionSupport : Spring Data Elasticsearch - Could not safely identify store assignment for repository candidate interface com.yuyue.dao.BeInstitutionDAO.
2019-03-20 19:58:23.020  INFO 22584 --- [restartedMain] .RepositoryConfigurationExtensionSupport : Spring Data Elasticsearch - Could not safely identify store assignment for repository candidate interface com.yuyue.dao.BeRoleDAO.
2019-03-20 19:58:23.021  INFO 22584 --- [restartedMain] .RepositoryConfigurationExtensionSupport : Spring Data Elasticsearch - Could not safely identify store assignment for repository candidate interface com.yuyue.dao.RsRolepermissionDAO.
2019-03-20 19:58:23.023  INFO 22584 --- [restartedMain] .RepositoryConfigurationExtensionSupport : Spring Data Elasticsearch - Could not safely identify store assignment for repository candidate interface com.yuyue.dao.RsUsercreditDAO.
2019-03-20 19:58:23.026  INFO 22584 --- [restartedMain] .RepositoryConfigurationExtensionSupport : Spring Data Elasticsearch - Could not safely identify store assignment for repository candidate interface com.yuyue.dao.BsIvtuserinfoDAO.
2019-03-20 19:58:23.028  INFO 22584 --- [restartedMain] .RepositoryConfigurationExtensionSupport : Spring Data Elasticsearch - Could not safely identify store assignment for repository candidate interface com.yuyue.dao.RsBookincolumnDAO.
2019-03-20 19:58:23.031  INFO 22584 --- [restartedMain] .RepositoryConfigurationExtensionSupport : Spring Data Elasticsearch - Could not safely identify store assignment for repository candidate interface com.yuyue.dao.BsUserdynamicDAO.
2019-03-20 19:58:23.033  INFO 22584 --- [restartedMain] .RepositoryConfigurationExtensionSupport : Spring Data Elasticsearch - Could not safely identify store assignment for repository candidate interface com.yuyue.dao.RsCurdonaterecordDAO.
2019-03-20 19:58:23.036  INFO 22584 --- [restartedMain] .RepositoryConfigurationExtensionSupport : Spring Data Elasticsearch - Could not safely identify store assignment for repository candidate interface com.yuyue.dao.RsVipplanorderDAO.
2019-03-20 19:58:23.038  INFO 22584 --- [restartedMain] .RepositoryConfigurationExtensionSupport : Spring Data Elasticsearch - Could not safely identify store assignment for repository candidate interface com.yuyue.dao.BsBookcaseinfoDAO.
2019-03-20 19:58:23.039  INFO 22584 --- [restartedMain] .RepositoryConfigurationExtensionSupport : Spring Data Elasticsearch - Could not safely identify store assignment for repository candidate interface com.yuyue.dao.RsBookinsubjectDAO.
2019-03-20 19:58:23.041  INFO 22584 --- [restartedMain] .RepositoryConfigurationExtensionSupport : Spring Data Elasticsearch - Could not safely identify store assignment for repository candidate interface com.yuyue.dao.RsHisborrowrecordDAO.
2019-03-20 19:58:23.042  INFO 22584 --- [restartedMain] .RepositoryConfigurationExtensionSupport : Spring Data Elasticsearch - Could not safely identify store assignment for repository candidate interface com.yuyue.dao.BePermissionDAO.
2019-03-20 19:58:23.044  INFO 22584 --- [restartedMain] .RepositoryConfigurationExtensionSupport : Spring Data Elasticsearch - Could not safely identify store assignment for repository candidate interface com.yuyue.dao.RsCurborrowrecordDAO.
2019-03-20 19:58:23.046  INFO 22584 --- [restartedMain] .RepositoryConfigurationExtensionSupport : Spring Data Elasticsearch - Could not safely identify store assignment for repository candidate interface com.yuyue.dao.BsFamilyinfoDAO.
2019-03-20 19:58:23.048  INFO 22584 --- [restartedMain] .RepositoryConfigurationExtensionSupport : Spring Data Elasticsearch - Could not safely identify store assignment for repository candidate interface com.yuyue.dao.BsUserdynamiccmntDAO.
2019-03-20 19:58:23.049  INFO 22584 --- [restartedMain] .RepositoryConfigurationExtensionSupport : Spring Data Elasticsearch - Could not safely identify store assignment for repository candidate interface com.yuyue.dao.BeDepartmentDAO.
2019-03-20 19:58:23.051  INFO 22584 --- [restartedMain] .RepositoryConfigurationExtensionSupport : Spring Data Elasticsearch - Could not safely identify store assignment for repository candidate interface com.yuyue.dao.BsUserinfoDAO.
2019-03-20 19:58:23.063  INFO 22584 --- [restartedMain] .s.d.r.c.RepositoryConfigurationDelegate : Multiple Spring Data modules found, entering strict repository configuration mode!
2019-03-20 19:58:23.236  INFO 22584 --- [restartedMain] .s.d.r.c.RepositoryConfigurationDelegate : Multiple Spring Data modules found, entering strict repository configuration mode!
2019-03-20 19:58:23.312  INFO 22584 --- [restartedMain] .RepositoryConfigurationExtensionSupport : Spring Data Redis - Could not safely identify store assignment for repository candidate interface com.yuyue.dao.BsBookcellinfoDAO.
2019-03-20 19:58:23.313  INFO 22584 --- [restartedMain] .RepositoryConfigurationExtensionSupport : Spring Data Redis - Could not safely identify store assignment for repository candidate interface com.yuyue.dao.BsBookinfoDAO.
2019-03-20 19:58:23.313  INFO 22584 --- [restartedMain] .RepositoryConfigurationExtensionSupport : Spring Data Redis - Could not safely identify store assignment for repository candidate interface com.yuyue.dao.BsBookcolumnDAO.
2019-03-20 19:58:23.314  INFO 22584 --- [restartedMain] .RepositoryConfigurationExtensionSupport : Spring Data Redis - Could not safely identify store assignment for repository candidate interface com.yuyue.dao.RsUserdynamiclikeDAO.
2019-03-20 19:58:23.314  INFO 22584 --- [restartedMain] .RepositoryConfigurationExtensionSupport : Spring Data Redis - Could not safely identify store assignment for repository candidate interface com.yuyue.dao.BsBookcategoryDAO.
2019-03-20 19:58:23.314  INFO 22584 --- [restartedMain] .RepositoryConfigurationExtensionSupport : Spring Data Redis - Could not safely identify store assignment for repository candidate interface com.yuyue.dao.BsVipplanDAO.
2019-03-20 19:58:23.315  INFO 22584 --- [restartedMain] .RepositoryConfigurationExtensionSupport : Spring Data Redis - Could not safely identify store assignment for repository candidate interface com.yuyue.dao.BsBooksubjectDAO.
2019-03-20 19:58:23.315  INFO 22584 --- [restartedMain] .RepositoryConfigurationExtensionSupport : Spring Data Redis - Could not safely identify store assignment for repository candidate interface com.yuyue.dao.BsInvitecodeDAO.
2019-03-20 19:58:23.316  INFO 22584 --- [restartedMain] .RepositoryConfigurationExtensionSupport : Spring Data Redis - Could not safely identify store assignment for repository candidate interface com.yuyue.dao.BsPublishinfoDAO.
2019-03-20 19:58:23.316  INFO 22584 --- [restartedMain] .RepositoryConfigurationExtensionSupport : Spring Data Redis - Could not safely identify store assignment for repository candidate interface com.yuyue.dao.BeUserDAO.
2019-03-20 19:58:23.317  INFO 22584 --- [restartedMain] .RepositoryConfigurationExtensionSupport : Spring Data Redis - Could not safely identify store assignment for repository candidate interface com.yuyue.dao.BsBookinstoreDAO.
2019-03-20 19:58:23.318  INFO 22584 --- [restartedMain] .RepositoryConfigurationExtensionSupport : Spring Data Redis - Could not safely identify store assignment for repository candidate interface com.yuyue.dao.BeInstitutionDAO.
2019-03-20 19:58:23.318  INFO 22584 --- [restartedMain] .RepositoryConfigurationExtensionSupport : Spring Data Redis - Could not safely identify store assignment for repository candidate interface com.yuyue.dao.BeRoleDAO.
2019-03-20 19:58:23.319  INFO 22584 --- [restartedMain] .RepositoryConfigurationExtensionSupport : Spring Data Redis - Could not safely identify store assignment for repository candidate interface com.yuyue.dao.RsRolepermissionDAO.
2019-03-20 19:58:23.319  INFO 22584 --- [restartedMain] .RepositoryConfigurationExtensionSupport : Spring Data Redis - Could not safely identify store assignment for repository candidate interface com.yuyue.dao.RsUsercreditDAO.
2019-03-20 19:58:23.319  INFO 22584 --- [restartedMain] .RepositoryConfigurationExtensionSupport : Spring Data Redis - Could not safely identify store assignment for repository candidate interface com.yuyue.dao.BsIvtuserinfoDAO.
2019-03-20 19:58:23.319  INFO 22584 --- [restartedMain] .RepositoryConfigurationExtensionSupport : Spring Data Redis - Could not safely identify store assignment for repository candidate interface com.yuyue.dao.RsBookincolumnDAO.
2019-03-20 19:58:23.320  INFO 22584 --- [restartedMain] .RepositoryConfigurationExtensionSupport : Spring Data Redis - Could not safely identify store assignment for repository candidate interface com.yuyue.dao.BsUserdynamicDAO.
2019-03-20 19:58:23.320  INFO 22584 --- [restartedMain] .RepositoryConfigurationExtensionSupport : Spring Data Redis - Could not safely identify store assignment for repository candidate interface com.yuyue.dao.RsCurdonaterecordDAO.
2019-03-20 19:58:23.320  INFO 22584 --- [restartedMain] .RepositoryConfigurationExtensionSupport : Spring Data Redis - Could not safely identify store assignment for repository candidate interface com.yuyue.dao.RsVipplanorderDAO.
2019-03-20 19:58:23.320  INFO 22584 --- [restartedMain] .RepositoryConfigurationExtensionSupport : Spring Data Redis - Could not safely identify store assignment for repository candidate interface com.yuyue.dao.BsBookcaseinfoDAO.
2019-03-20 19:58:23.321  INFO 22584 --- [restartedMain] .RepositoryConfigurationExtensionSupport : Spring Data Redis - Could not safely identify store assignment for repository candidate interface com.yuyue.dao.RsBookinsubjectDAO.
2019-03-20 19:58:23.321  INFO 22584 --- [restartedMain] .RepositoryConfigurationExtensionSupport : Spring Data Redis - Could not safely identify store assignment for repository candidate interface com.yuyue.dao.RsHisborrowrecordDAO.
2019-03-20 19:58:23.321  INFO 22584 --- [restartedMain] .RepositoryConfigurationExtensionSupport : Spring Data Redis - Could not safely identify store assignment for repository candidate interface com.yuyue.dao.BePermissionDAO.
2019-03-20 19:58:23.321  INFO 22584 --- [restartedMain] .RepositoryConfigurationExtensionSupport : Spring Data Redis - Could not safely identify store assignment for repository candidate interface com.yuyue.dao.RsCurborrowrecordDAO.
2019-03-20 19:58:23.322  INFO 22584 --- [restartedMain] .RepositoryConfigurationExtensionSupport : Spring Data Redis - Could not safely identify store assignment for repository candidate interface com.yuyue.dao.BsFamilyinfoDAO.
2019-03-20 19:58:23.322  INFO 22584 --- [restartedMain] .RepositoryConfigurationExtensionSupport : Spring Data Redis - Could not safely identify store assignment for repository candidate interface com.yuyue.dao.BsUserdynamiccmntDAO.
2019-03-20 19:58:23.323  INFO 22584 --- [restartedMain] .RepositoryConfigurationExtensionSupport : Spring Data Redis - Could not safely identify store assignment for repository candidate interface com.yuyue.dao.BeDepartmentDAO.
2019-03-20 19:58:23.323  INFO 22584 --- [restartedMain] .RepositoryConfigurationExtensionSupport : Spring Data Redis - Could not safely identify store assignment for repository candidate interface com.yuyue.dao.BsUserinfoDAO.
2019-03-20 19:58:24.771  INFO 22584 --- [restartedMain] s.b.c.e.t.TomcatEmbeddedServletContainer : Tomcat initialized with port(s): 8080 (http)
2019-03-20 19:58:24.782  INFO 22584 --- [restartedMain] o.apache.catalina.core.StandardService   : Starting service [Tomcat]
2019-03-20 19:58:24.783  INFO 22584 --- [restartedMain] org.apache.catalina.core.StandardEngine  : Starting Servlet Engine: Apache Tomcat/8.5.23
2019-03-20 19:58:25.127  INFO 22584 --- [localhost-startStop-1] org.apache.jasper.servlet.TldScanner     : At least one JAR was scanned for TLDs yet contained no TLDs. Enable debug logging for this logger for a complete list of JARs that were scanned but no TLDs were found in them. Skipping unneeded JARs during scanning can improve startup time and JSP compilation time.
2019-03-20 19:58:25.138  INFO 22584 --- [localhost-startStop-1] o.a.c.c.C.[Tomcat].[localhost].[/yuyue]  : Initializing Spring embedded WebApplicationContext
2019-03-20 19:58:25.138  INFO 22584 --- [localhost-startStop-1] o.s.web.context.ContextLoader            : Root WebApplicationContext: initialization completed in 3452 ms
2019-03-20 19:58:25.352  INFO 22584 --- [localhost-startStop-1] o.s.b.w.servlet.ServletRegistrationBean  : Mapping servlet: 'dispatcherServlet' to [/]
2019-03-20 19:58:25.358  INFO 22584 --- [localhost-startStop-1] o.s.b.w.servlet.FilterRegistrationBean   : Mapping filter: 'characterEncodingFilter' to: [/*]
2019-03-20 19:58:25.359  INFO 22584 --- [localhost-startStop-1] o.s.b.w.servlet.FilterRegistrationBean   : Mapping filter: 'hiddenHttpMethodFilter' to: [/*]
2019-03-20 19:58:25.359  INFO 22584 --- [localhost-startStop-1] o.s.b.w.servlet.FilterRegistrationBean   : Mapping filter: 'httpPutFormContentFilter' to: [/*]
2019-03-20 19:58:25.359  INFO 22584 --- [localhost-startStop-1] o.s.b.w.servlet.FilterRegistrationBean   : Mapping filter: 'requestContextFilter' to: [/*]
2019-03-20 19:58:27.144  INFO 22584 --- [restartedMain] j.LocalContainerEntityManagerFactoryBean : Building JPA container EntityManagerFactory for persistence unit 'default'
2019-03-20 19:58:27.269  INFO 22584 --- [restartedMain] o.hibernate.jpa.internal.util.LogHelper  : HHH000204: Processing PersistenceUnitInfo [
	name: default
	...]
2019-03-20 19:58:27.508  INFO 22584 --- [restartedMain] org.hibernate.Version                    : HHH000412: Hibernate Core {5.0.12.Final}
2019-03-20 19:58:27.510  INFO 22584 --- [restartedMain] org.hibernate.cfg.Environment            : HHH000206: hibernate.properties not found
2019-03-20 19:58:27.512  INFO 22584 --- [restartedMain] org.hibernate.cfg.Environment            : HHH000021: Bytecode provider name : javassist
2019-03-20 19:58:27.671  INFO 22584 --- [restartedMain] o.hibernate.annotations.common.Version   : HCANN000001: Hibernate Commons Annotations {5.0.1.Final}
2019-03-20 19:58:27.895  INFO 22584 --- [restartedMain] org.hibernate.dialect.Dialect            : HHH000400: Using dialect: org.hibernate.dialect.MySQL5Dialect
2019-03-20 19:58:29.035  INFO 22584 --- [restartedMain] o.h.h.i.QueryTranslatorFactoryInitiator  : HHH000397: Using ASTQueryTranslatorFactory
2019-03-20 19:58:29.238  INFO 22584 --- [restartedMain] j.LocalContainerEntityManagerFactoryBean : Initialized JPA EntityManagerFactory for persistence unit 'default'
2019-03-20 19:58:30.604  INFO 22584 --- [restartedMain] s.w.s.m.m.a.RequestMappingHandlerAdapter : Looking for @ControllerAdvice: org.springframework.boot.context.embedded.AnnotationConfigEmbeddedWebApplicationContext@502c7ddf: startup date [Wed Mar 20 19:58:21 CST 2019]; root of context hierarchy
2019-03-20 19:58:30.717  INFO 22584 --- [restartedMain] s.w.s.m.m.a.RequestMappingHandlerMapping : Mapped "{[/deletePublishinfo]}" onto public java.lang.Object com.yuyue.web.BookController.deletePublishinfo(int)
2019-03-20 19:58:30.718  INFO 22584 --- [restartedMain] s.w.s.m.m.a.RequestMappingHandlerMapping : Mapped "{[/updatePublishinfo]}" onto public java.lang.Object com.yuyue.web.BookController.updatePublishinfo(com.yuyue.pojo.BsPublishinfo)
2019-03-20 19:58:30.719  INFO 22584 --- [restartedMain] s.w.s.m.m.a.RequestMappingHandlerMapping : Mapped "{[/listBookinstore]}" onto public com.yuyue.util.Page4Navigator<com.yuyue.pojo.BsBookinstore> com.yuyue.web.BookController.listBsBookinstore(int,int,java.lang.String)
2019-03-20 19:58:30.719  INFO 22584 --- [restartedMain] s.w.s.m.m.a.RequestMappingHandlerMapping : Mapped "{[/addPublishinfo]}" onto public java.lang.Object com.yuyue.web.BookController.addPublishinfo(com.yuyue.pojo.BsPublishinfo)
2019-03-20 19:58:30.720  INFO 22584 --- [restartedMain] s.w.s.m.m.a.RequestMappingHandlerMapping : Mapped "{[/listPublishinfo]}" onto public com.yuyue.util.Page4Navigator<com.yuyue.pojo.BsPublishinfo> com.yuyue.web.BookController.listPublishinfo(int,int,java.lang.String)
2019-03-20 19:58:30.720  INFO 22584 --- [restartedMain] s.w.s.m.m.a.RequestMappingHandlerMapping : Mapped "{[/listBookinfo]}" onto public com.yuyue.util.Page4Navigator<com.yuyue.pojo.BsBookinfo> com.yuyue.web.BookController.listBookinfos(int,int,java.lang.String)
2019-03-20 19:58:30.720  INFO 22584 --- [restartedMain] s.w.s.m.m.a.RequestMappingHandlerMapping : Mapped "{[/getBookinfo]}" onto public java.lang.Object com.yuyue.web.BookController.getBookinfo(int)
2019-03-20 19:58:30.721  INFO 22584 --- [restartedMain] s.w.s.m.m.a.RequestMappingHandlerMapping : Mapped "{[/addBookinfo]}" onto public java.lang.Object com.yuyue.web.BookController.addBookinfo(com.yuyue.pojo.BsBookinfo)
2019-03-20 19:58:30.721  INFO 22584 --- [restartedMain] s.w.s.m.m.a.RequestMappingHandlerMapping : Mapped "{[/updateBookinfo]}" onto public java.lang.Object com.yuyue.web.BookController.updateBookinfo(com.yuyue.pojo.BsBookinfo)
2019-03-20 19:58:30.721  INFO 22584 --- [restartedMain] s.w.s.m.m.a.RequestMappingHandlerMapping : Mapped "{[/getPublishinfo]}" onto public java.lang.Object com.yuyue.web.BookController.getPublishinfo(int)
2019-03-20 19:58:30.722  INFO 22584 --- [restartedMain] s.w.s.m.m.a.RequestMappingHandlerMapping : Mapped "{[/listCurborrowrecord]}" onto public com.yuyue.util.Page4Navigator<com.yuyue.pojo.RsCurborrowrecord> com.yuyue.web.OrderController.listCurborrowrecord(int,int)
2019-03-20 19:58:30.722  INFO 22584 --- [restartedMain] s.w.s.m.m.a.RequestMappingHandlerMapping : Mapped "{[/listHisborrowrecord]}" onto public com.yuyue.util.Page4Navigator<com.yuyue.pojo.RsHisborrowrecord> com.yuyue.web.OrderController.listHisborrowrecord(int,int)
2019-03-20 19:58:30.722  INFO 22584 --- [restartedMain] s.w.s.m.m.a.RequestMappingHandlerMapping : Mapped "{[/listCurdonaterecord]}" onto public com.yuyue.util.Page4Navigator<com.yuyue.pojo.RsCurdonaterecord> com.yuyue.web.OrderController.listCurdonaterecord(int,int)
2019-03-20 19:58:30.725  INFO 22584 --- [restartedMain] s.w.s.m.m.a.RequestMappingHandlerMapping : Mapped "{[/list]}" onto public java.util.List<com.yuyue.pojo.BeRole> com.yuyue.web.OverallController.list()
2019-03-20 19:58:30.726  INFO 22584 --- [restartedMain] s.w.s.m.m.a.RequestMappingHandlerMapping : Mapped "{[/home]}" onto public java.lang.Object com.yuyue.web.OverallController.home()
2019-03-20 19:58:30.726  INFO 22584 --- [restartedMain] s.w.s.m.m.a.RequestMappingHandlerMapping : Mapped "{[/getUserPermission]}" onto public java.lang.Object com.yuyue.web.OverallController.getUserPermission(javax.servlet.http.HttpSession)
2019-03-20 19:58:30.727  INFO 22584 --- [restartedMain] s.w.s.m.m.a.RequestMappingHandlerMapping : Mapped "{[/login],consumes=[application/json]}" onto public java.lang.Object com.yuyue.web.OverallController.login(com.yuyue.pojo.BeUser,javax.servlet.http.HttpSession,javax.servlet.http.HttpServletRequest) throws java.io.IOException
2019-03-20 19:58:30.727  INFO 22584 --- [restartedMain] s.w.s.m.m.a.RequestMappingHandlerMapping : Mapped "{[/changePassword]}" onto public java.lang.Object com.yuyue.web.OverallController.changePassword(java.lang.String,java.lang.String,javax.servlet.http.HttpSession)
2019-03-20 19:58:30.728  INFO 22584 --- [restartedMain] s.w.s.m.m.a.RequestMappingHandlerMapping : Mapped "{[/deleteUserdynamic]}" onto public java.lang.Object com.yuyue.web.ShoalController.deleteUserdynamic(int)
2019-03-20 19:58:30.728  INFO 22584 --- [restartedMain] s.w.s.m.m.a.RequestMappingHandlerMapping : Mapped "{[/listUserdynamiccmnt]}" onto public java.util.List<com.yuyue.pojo.BsUserdynamiccmnt> com.yuyue.web.ShoalController.listUserdynamiccmntService()
2019-03-20 19:58:30.728  INFO 22584 --- [restartedMain] s.w.s.m.m.a.RequestMappingHandlerMapping : Mapped "{[/listUserdynamic]}" onto public com.yuyue.util.Page4Navigator<com.yuyue.pojo.BsUserdynamic> com.yuyue.web.ShoalController.listUserdynamic(int,int,java.lang.String)
2019-03-20 19:58:30.729  INFO 22584 --- [restartedMain] s.w.s.m.m.a.RequestMappingHandlerMapping : Mapped "{[/listUserinfo]}" onto public java.util.List<com.yuyue.pojo.BsUserinfo> com.yuyue.web.ShoalController.listUser()
2019-03-20 19:58:30.729  INFO 22584 --- [restartedMain] s.w.s.m.m.a.RequestMappingHandlerMapping : Mapped "{[/getPermission]}" onto public java.lang.Object com.yuyue.web.SystemController.getPermission(java.lang.String)
2019-03-20 19:58:30.730  INFO 22584 --- [restartedMain] s.w.s.m.m.a.RequestMappingHandlerMapping : Mapped "{[/listRolePermission]}" onto public java.util.List<com.yuyue.pojo.RsRolepermission> com.yuyue.web.SystemController.listRolePermission()
2019-03-20 19:58:30.730  INFO 22584 --- [restartedMain] s.w.s.m.m.a.RequestMappingHandlerMapping : Mapped "{[/listPermission]}" onto public java.util.List<com.yuyue.pojo.BePermission> com.yuyue.web.SystemController.listPermission()
2019-03-20 19:58:30.730  INFO 22584 --- [restartedMain] s.w.s.m.m.a.RequestMappingHandlerMapping : Mapped "{[/listUser]}" onto public java.util.List<com.yuyue.pojo.BeUser> com.yuyue.web.SystemController.listUser()
2019-03-20 19:58:30.731  INFO 22584 --- [restartedMain] s.w.s.m.m.a.RequestMappingHandlerMapping : Mapped "{[/listInstitution]}" onto public java.util.List<com.yuyue.pojo.BeInstitution> com.yuyue.web.SystemController.listInstitution()
2019-03-20 19:58:30.731  INFO 22584 --- [restartedMain] s.w.s.m.m.a.RequestMappingHandlerMapping : Mapped "{[/test]}" onto public java.lang.String com.yuyue.web.testController.test(javax.servlet.http.HttpSession)
2019-03-20 19:58:30.732  INFO 22584 --- [restartedMain] s.w.s.m.m.a.RequestMappingHandlerMapping : Mapped "{[/listBeUser]}" onto public java.util.List<com.yuyue.pojo.BeUser> com.yuyue.web.testController.listUser()
2019-03-20 19:58:30.734  INFO 22584 --- [restartedMain] s.w.s.m.m.a.RequestMappingHandlerMapping : Mapped "{[/listVipplanorderByStatus]}" onto public com.yuyue.util.Page4Navigator<com.yuyue.pojo.RsVipplanorder> com.yuyue.web.VipController.listVipplanorderByStatus(byte,int,int)
2019-03-20 19:58:30.734  INFO 22584 --- [restartedMain] s.w.s.m.m.a.RequestMappingHandlerMapping : Mapped "{[/listVipplanorder]}" onto public com.yuyue.util.Page4Navigator<com.yuyue.pojo.RsVipplanorder> com.yuyue.web.VipController.listVipplanorder(int,int)
2019-03-20 19:58:30.735  INFO 22584 --- [restartedMain] s.w.s.m.m.a.RequestMappingHandlerMapping : Mapped "{[/listInvitecode]}" onto public com.yuyue.util.Page4Navigator<com.yuyue.pojo.BsInvitecode> com.yuyue.web.VipController.listInvitecode(int,int)
2019-03-20 19:58:30.735  INFO 22584 --- [restartedMain] s.w.s.m.m.a.RequestMappingHandlerMapping : Mapped "{[/listUsercredit]}" onto public com.yuyue.util.Page4Navigator<com.yuyue.pojo.RsUsercredit> com.yuyue.web.VipController.listUsercredit(int,int)
2019-03-20 19:58:30.736  INFO 22584 --- [restartedMain] s.w.s.m.m.a.RequestMappingHandlerMapping : Mapped "{[/listBookcaseinfo]}" onto public com.yuyue.util.Page4Navigator<com.yuyue.pojo.BsBookcaseinfo> com.yuyue.web.WarehouseController.listBookcaseinfo(int,int)
2019-03-20 19:58:30.737  INFO 22584 --- [restartedMain] s.w.s.m.m.a.RequestMappingHandlerMapping : Mapped "{[/addsubject]}" onto public java.lang.Object com.yuyue.web.WebsiteController.addSubject(com.yuyue.pojo.BsBooksubject)
2019-03-20 19:58:30.737  INFO 22584 --- [restartedMain] s.w.s.m.m.a.RequestMappingHandlerMapping : Mapped "{[/updatesubject]}" onto public java.lang.Object com.yuyue.web.WebsiteController.updateSubject(com.yuyue.pojo.BsBooksubject)
2019-03-20 19:58:30.738  INFO 22584 --- [restartedMain] s.w.s.m.m.a.RequestMappingHandlerMapping : Mapped "{[/subject]}" onto public com.yuyue.util.Page4Navigator<com.yuyue.pojo.BsBooksubject> com.yuyue.web.WebsiteController.subject(int,int)
2019-03-20 19:58:30.738  INFO 22584 --- [restartedMain] s.w.s.m.m.a.RequestMappingHandlerMapping : Mapped "{[/getBooks]}" onto public java.util.List<com.yuyue.pojo.RsBookinsubject> com.yuyue.web.WebsiteController.getBooks(com.yuyue.pojo.BsBooksubject)
2019-03-20 19:58:30.740  INFO 22584 --- [restartedMain] s.w.s.m.m.a.RequestMappingHandlerMapping : Mapped "{[/error]}" onto public org.springframework.http.ResponseEntity<java.util.Map<java.lang.String, java.lang.Object>> org.springframework.boot.autoconfigure.web.BasicErrorController.error(javax.servlet.http.HttpServletRequest)
2019-03-20 19:58:30.741  INFO 22584 --- [restartedMain] s.w.s.m.m.a.RequestMappingHandlerMapping : Mapped "{[/error],produces=[text/html]}" onto public org.springframework.web.servlet.ModelAndView org.springframework.boot.autoconfigure.web.BasicErrorController.errorHtml(javax.servlet.http.HttpServletRequest,javax.servlet.http.HttpServletResponse)
2019-03-20 19:58:30.802  INFO 22584 --- [restartedMain] o.s.w.s.handler.SimpleUrlHandlerMapping  : Mapped URL path [/webjars/**] onto handler of type [class org.springframework.web.servlet.resource.ResourceHttpRequestHandler]
2019-03-20 19:58:30.802  INFO 22584 --- [restartedMain] o.s.w.s.handler.SimpleUrlHandlerMapping  : Mapped URL path [/**] onto handler of type [class org.springframework.web.servlet.resource.ResourceHttpRequestHandler]
2019-03-20 19:58:30.898  INFO 22584 --- [restartedMain] o.s.w.s.handler.SimpleUrlHandlerMapping  : Mapped URL path [/**/favicon.ico] onto handler of type [class org.springframework.web.servlet.resource.ResourceHttpRequestHandler]
2019-03-20 19:58:30.962  WARN 22584 --- [restartedMain] .t.AbstractTemplateResolverConfiguration : Cannot find template location: classpath:/templates/ (please add some templates or check your Thymeleaf configuration)
2019-03-20 19:58:32.523  INFO 22584 --- [restartedMain] org.elasticsearch.node                   : [Aginar] version[2.4.6], pid[22584], build[5376dca/2017-07-18T12:17:44Z]
2019-03-20 19:58:32.523  INFO 22584 --- [restartedMain] org.elasticsearch.node                   : [Aginar] initializing ...
2019-03-20 19:58:32.543  INFO 22584 --- [restartedMain] org.elasticsearch.plugins                : [Aginar] modules [], plugins [], sites []
2019-03-20 19:58:32.609  INFO 22584 --- [restartedMain] org.elasticsearch.env                    : [Aginar] using [1] data paths, mounts [[(E:)]], net usable_space [227gb], net total_space [299.9gb], spins? [unknown], types [NTFS]
2019-03-20 19:58:32.609  INFO 22584 --- [restartedMain] org.elasticsearch.env                    : [Aginar] heap size [1.7gb], compressed ordinary object pointers [true]
2019-03-20 19:58:36.961  INFO 22584 --- [restartedMain] org.elasticsearch.node                   : [Aginar] initialized
2019-03-20 19:58:36.962  INFO 22584 --- [restartedMain] org.elasticsearch.node                   : [Aginar] starting ...
2019-03-20 19:58:36.964  INFO 22584 --- [restartedMain] org.elasticsearch.transport              : [Aginar] publish_address {local[1]}, bound_addresses {local[1]}
2019-03-20 19:58:36.968  INFO 22584 --- [restartedMain] org.elasticsearch.discovery              : [Aginar] elasticsearch/GnCZtOROTvS7Hos_6Jzt0g
2019-03-20 19:58:36.987  INFO 22584 --- [elasticsearch[Aginar][clusterService#updateTask][T#1]] org.elasticsearch.cluster.service        : [Aginar] new_master {Aginar}{GnCZtOROTvS7Hos_6Jzt0g}{local}{local[1]}{local=true}, reason: local-disco-initial_connect(master)
2019-03-20 19:58:36.993  INFO 22584 --- [restartedMain] org.elasticsearch.node                   : [Aginar] started
2019-03-20 19:58:37.166  INFO 22584 --- [elasticsearch[Aginar][clusterService#updateTask][T#1]] org.elasticsearch.gateway                : [Aginar] recovered [0] indices into cluster_state
2019-03-20 19:58:37.415  INFO 22584 --- [restartedMain] o.s.b.d.a.OptionalLiveReloadServer       : LiveReload server is running on port 35729
2019-03-20 19:58:37.483  INFO 22584 --- [restartedMain] o.s.j.e.a.AnnotationMBeanExporter        : Registering beans for JMX exposure on startup
2019-03-20 19:58:37.609  INFO 22584 --- [restartedMain] s.b.c.e.t.TomcatEmbeddedServletContainer : Tomcat started on port(s): 8080 (http)
2019-03-20 19:58:37.616  INFO 22584 --- [restartedMain] com.yuyue.Application                    : Started Application in 16.603 seconds (JVM running for 18.033)
2019-03-20 19:58:52.832  INFO 22584 --- [http-nio-8080-exec-2] o.a.c.c.C.[Tomcat].[localhost].[/yuyue]  : Initializing Spring FrameworkServlet 'dispatcherServlet'
2019-03-20 19:58:52.833  INFO 22584 --- [http-nio-8080-exec-2] o.s.web.servlet.DispatcherServlet        : FrameworkServlet 'dispatcherServlet': initialization started
2019-03-20 19:58:52.903  INFO 22584 --- [http-nio-8080-exec-2] o.s.web.servlet.DispatcherServlet        : FrameworkServlet 'dispatcherServlet': initialization completed in 70 ms
2019-03-20 20:03:13.892  INFO 22584 --- [RMI TCP Connection(2)-127.0.0.1] inMXBeanRegistrar$SpringApplicationAdmin : Application shutdown requested.
2019-03-20 20:03:13.892  INFO 22584 --- [RMI TCP Connection(2)-127.0.0.1] ationConfigEmbeddedWebApplicationContext : Closing org.springframework.boot.context.embedded.AnnotationConfigEmbeddedWebApplicationContext@502c7ddf: startup date [Wed Mar 20 19:58:21 CST 2019]; root of context hierarchy
2019-03-20 20:03:13.895  INFO 22584 --- [RMI TCP Connection(2)-127.0.0.1] s.b.a.d.e.ElasticsearchAutoConfiguration : Closing Elasticsearch client
2019-03-20 20:03:13.895  INFO 22584 --- [RMI TCP Connection(2)-127.0.0.1] org.elasticsearch.node                   : [Aginar] stopping ...
2019-03-20 20:03:13.897  INFO 22584 --- [RMI TCP Connection(2)-127.0.0.1] org.elasticsearch.node                   : [Aginar] stopped
2019-03-20 20:03:13.897  INFO 22584 --- [RMI TCP Connection(2)-127.0.0.1] org.elasticsearch.node                   : [Aginar] closing ...
2019-03-20 20:03:13.902  INFO 22584 --- [RMI TCP Connection(2)-127.0.0.1] org.elasticsearch.node                   : [Aginar] closed
2019-03-20 20:03:13.903  INFO 22584 --- [RMI TCP Connection(2)-127.0.0.1] o.s.j.e.a.AnnotationMBeanExporter        : Unregistering JMX-exposed beans on shutdown
2019-03-20 20:03:13.909  INFO 22584 --- [RMI TCP Connection(2)-127.0.0.1] j.LocalContainerEntityManagerFactoryBean : Closing JPA EntityManagerFactory for persistence unit 'default'
